TpTrace Verbose: 0 : 52404, 1, 2025/02/28, 09:40:43.034, 12603400227343, vstest.console.dll, Version: 17.10.0-release-24203-04 Current process architecture: X64
TpTrace Verbose: 0 : 52404, 1, 2025/02/28, 09:40:43.037, 12603400256027, vstest.console.dll, Runtime location: C:\Program Files\dotnet\shared\Microsoft.NETCore.App\8.0.5
TpTrace Verbose: 0 : 52404, 1, 2025/02/28, 09:40:43.039, 12603400275492, vstest.console.dll, ArtifactProcessingPostProcessModeProcessorExecutor.Initialize: ArtifactProcessingMode.Collect
TpTrace Verbose: 0 : 52404, 1, 2025/02/28, 09:40:43.039, 12603400276793, vstest.console.dll, TestSessionCorrelationIdProcessorModeProcessorExecutor.Initialize: TestSessionCorrelationId '648_72e33a09-87e2-4cac-903c-5eb700ccf162'
TpTrace Information: 0 : 52404, 1, 2025/02/28, 09:40:43.045, 12603400337027, vstest.console.dll, FilePatternParser: The given file C:\Users\Halfdone\source\repos\SeleniumWebDriverDemo\SeleniumWebDriverDemo\bin\Debug\net8.0\fine-code-coverage\build-output\SeleniumWebDriverDemo.dll is a full path.
TpTrace Verbose: 0 : 52404, 1, 2025/02/28, 09:40:43.050, 12603400387349, vstest.console.dll, TestPluginCache.DiscoverTestExtensions: finding test extensions in assemblies ends with: RuntimeProvider.dll TPluginInfo: Microsoft.VisualStudio.TestPlatform.Common.ExtensionFramework.Utilities.TestRuntimePluginInformation TExtension: Microsoft.VisualStudio.TestPlatform.ObjectModel.Host.ITestRuntimeProvider
TpTrace Verbose: 0 : 52404, 1, 2025/02/28, 09:40:43.050, 12603400391061, vstest.console.dll, TestPluginCache.GetExtensionPaths: Filtered extension paths: 
TpTrace Verbose: 0 : 52404, 1, 2025/02/28, 09:40:43.050, 12603400391992, vstest.console.dll, TestPluginCache.GetExtensionPaths: Added default extension paths: C:\Program Files\dotnet\sdk\8.0.300\Extensions\Microsoft.Diagnostics.NETCore.Client.dll
C:\Program Files\dotnet\sdk\8.0.300\Extensions\Microsoft.TestPlatform.Extensions.BlameDataCollector.dll
C:\Program Files\dotnet\sdk\8.0.300\Extensions\Microsoft.TestPlatform.Extensions.EventLogCollector.dll
C:\Program Files\dotnet\sdk\8.0.300\Extensions\Microsoft.TestPlatform.TestHostRuntimeProvider.dll
C:\Program Files\dotnet\sdk\8.0.300\Extensions\Microsoft.VisualStudio.TestPlatform.Extensions.Html.TestLogger.dll
C:\Program Files\dotnet\sdk\8.0.300\Extensions\Microsoft.VisualStudio.TestPlatform.Extensions.Trx.TestLogger.dll
TpTrace Verbose: 0 : 52404, 1, 2025/02/28, 09:40:43.050, 12603400392410, vstest.console.dll, TestPluginCache.GetExtensionPaths: Added unfilterableExtensionPaths: 
TpTrace Information: 0 : 52404, 1, 2025/02/28, 09:40:43.051, 12603400399225, vstest.console.dll, AssemblyResolver.ctor: Creating AssemblyResolver with searchDirectories C:\Program Files\dotnet\sdk\8.0.300\Extensions,C:\Program Files\dotnet\sdk\8.0.300
TpTrace Verbose: 0 : 52404, 1, 2025/02/28, 09:40:43.052, 12603400411577, vstest.console.dll, TestPluginCache.DiscoverTestExtensions: Discovering the extensions using extension path.
TpTrace Verbose: 0 : 52404, 1, 2025/02/28, 09:40:43.052, 12603400413238, vstest.console.dll, TestPluginCache.GetExtensionPaths: Filtered extension paths: 
TpTrace Verbose: 0 : 52404, 1, 2025/02/28, 09:40:43.053, 12603400413697, vstest.console.dll, TestPluginCache.GetExtensionPaths: Added default extension paths: C:\Program Files\dotnet\sdk\8.0.300\Extensions\Microsoft.Diagnostics.NETCore.Client.dll
C:\Program Files\dotnet\sdk\8.0.300\Extensions\Microsoft.TestPlatform.Extensions.BlameDataCollector.dll
C:\Program Files\dotnet\sdk\8.0.300\Extensions\Microsoft.TestPlatform.Extensions.EventLogCollector.dll
C:\Program Files\dotnet\sdk\8.0.300\Extensions\Microsoft.TestPlatform.TestHostRuntimeProvider.dll
C:\Program Files\dotnet\sdk\8.0.300\Extensions\Microsoft.VisualStudio.TestPlatform.Extensions.Html.TestLogger.dll
C:\Program Files\dotnet\sdk\8.0.300\Extensions\Microsoft.VisualStudio.TestPlatform.Extensions.Trx.TestLogger.dll
TpTrace Verbose: 0 : 52404, 1, 2025/02/28, 09:40:43.053, 12603400414054, vstest.console.dll, TestPluginCache.GetExtensionPaths: Added unfilterableExtensionPaths: 
TpTrace Verbose: 0 : 52404, 1, 2025/02/28, 09:40:43.053, 12603400415149, vstest.console.dll, TestPluginCache.DiscoverTestExtensions: Discovering the extensions using allExtensionPaths: C:\Program Files\dotnet\sdk\8.0.300\Extensions\Microsoft.Diagnostics.NETCore.Client.dll
C:\Program Files\dotnet\sdk\8.0.300\Extensions\Microsoft.TestPlatform.Extensions.BlameDataCollector.dll
C:\Program Files\dotnet\sdk\8.0.300\Extensions\Microsoft.TestPlatform.Extensions.EventLogCollector.dll
C:\Program Files\dotnet\sdk\8.0.300\Extensions\Microsoft.TestPlatform.TestHostRuntimeProvider.dll
C:\Program Files\dotnet\sdk\8.0.300\Extensions\Microsoft.VisualStudio.TestPlatform.Extensions.Html.TestLogger.dll
C:\Program Files\dotnet\sdk\8.0.300\Extensions\Microsoft.VisualStudio.TestPlatform.Extensions.Trx.TestLogger.dll
TpTrace Information: 0 : 52404, 1, 2025/02/28, 09:40:43.053, 12603400416311, vstest.console.dll, AssemblyResolver.AddSearchDirectories: Adding more searchDirectories C:\Program Files\dotnet\sdk\8.0.300\Extensions,C:\Program Files\dotnet\sdk\8.0.300
TpTrace Information: 0 : 52404, 1, 2025/02/28, 09:40:43.053, 12603400416871, vstest.console.dll, AssemblyResolver.AddSearchDirectories: Adding more searchDirectories C:\Program Files\dotnet\sdk\8.0.300\Extensions,C:\Program Files\dotnet\sdk\8.0.300
TpTrace Information: 0 : 52404, 1, 2025/02/28, 09:40:43.053, 12603400417212, vstest.console.dll, AssemblyResolver.AddSearchDirectories: Adding more searchDirectories C:\Program Files\dotnet\sdk\8.0.300\Extensions,C:\Program Files\dotnet\sdk\8.0.300
TpTrace Information: 0 : 52404, 1, 2025/02/28, 09:40:43.053, 12603400417564, vstest.console.dll, AssemblyResolver.AddSearchDirectories: Adding more searchDirectories C:\Program Files\dotnet\sdk\8.0.300\Extensions,C:\Program Files\dotnet\sdk\8.0.300
TpTrace Information: 0 : 52404, 1, 2025/02/28, 09:40:43.053, 12603400417873, vstest.console.dll, AssemblyResolver.AddSearchDirectories: Adding more searchDirectories C:\Program Files\dotnet\sdk\8.0.300\Extensions,C:\Program Files\dotnet\sdk\8.0.300
TpTrace Information: 0 : 52404, 1, 2025/02/28, 09:40:43.053, 12603400418158, vstest.console.dll, AssemblyResolver.AddSearchDirectories: Adding more searchDirectories C:\Program Files\dotnet\sdk\8.0.300\Extensions,C:\Program Files\dotnet\sdk\8.0.300
TpTrace Information: 0 : 52404, 1, 2025/02/28, 09:40:43.053, 12603400423226, vstest.console.dll, AssemblyResolver.OnResolve: Microsoft.Diagnostics.NETCore.Client: Resolving assembly.
TpTrace Information: 0 : 52404, 1, 2025/02/28, 09:40:43.054, 12603400424217, vstest.console.dll, AssemblyResolver.OnResolve: Microsoft.Diagnostics.NETCore.Client: Searching in: 'C:\Program Files\dotnet\sdk\8.0.300\Extensions'.
TpTrace Information: 0 : 52404, 1, 2025/02/28, 09:40:43.061, 12603400497535, vstest.console.dll, AssemblyResolver.OnResolve: Microsoft.Diagnostics.NETCore.Client: Loading assembly 'C:\Program Files\dotnet\sdk\8.0.300\Extensions\Microsoft.Diagnostics.NETCore.Client.dll'.
TpTrace Information: 0 : 52404, 1, 2025/02/28, 09:40:43.062, 12603400505239, vstest.console.dll, AssemblyResolver.OnResolve: Resolved assembly: Microsoft.Diagnostics.NETCore.Client, from path: C:\Program Files\dotnet\sdk\8.0.300\Extensions\Microsoft.Diagnostics.NETCore.Client.dll
TpTrace Verbose: 0 : 52404, 1, 2025/02/28, 09:40:43.067, 12603400559947, vstest.console.dll, MetadataReaderExtensionsHelper: Discovering extensions inside assembly 'Microsoft.Diagnostics.NETCore.Client, Version=0.2.10.15101, Culture=neutral, PublicKeyToken=31bf3856ad364e35' file path 'C:\Program Files\dotnet\sdk\8.0.300\Extensions\Microsoft.Diagnostics.NETCore.Client.dll'
TpTrace Information: 0 : 52404, 1, 2025/02/28, 09:40:43.071, 12603400598718, vstest.console.dll, AssemblyResolver.OnResolve: Microsoft.Bcl.AsyncInterfaces: Resolving assembly.
TpTrace Information: 0 : 52404, 1, 2025/02/28, 09:40:43.071, 12603400599683, vstest.console.dll, AssemblyResolver.OnResolve: Microsoft.Bcl.AsyncInterfaces: Searching in: 'C:\Program Files\dotnet\sdk\8.0.300\Extensions'.
TpTrace Information: 0 : 52404, 1, 2025/02/28, 09:40:43.071, 12603400600433, vstest.console.dll, AssemblyResolver.OnResolve: Microsoft.Bcl.AsyncInterfaces: Assembly path does not exist: 'C:\Program Files\dotnet\sdk\8.0.300\Extensions\Microsoft.Bcl.AsyncInterfaces.dll', returning.
TpTrace Information: 0 : 52404, 1, 2025/02/28, 09:40:43.071, 12603400601992, vstest.console.dll, AssemblyResolver.OnResolve: Microsoft.Bcl.AsyncInterfaces: Assembly path does not exist: 'C:\Program Files\dotnet\sdk\8.0.300\Extensions\Microsoft.Bcl.AsyncInterfaces.exe', returning.
TpTrace Information: 0 : 52404, 1, 2025/02/28, 09:40:43.071, 12603400602540, vstest.console.dll, AssemblyResolver.OnResolve: Microsoft.Bcl.AsyncInterfaces: Searching in: 'C:\Program Files\dotnet\sdk\8.0.300'.
TpTrace Information: 0 : 52404, 1, 2025/02/28, 09:40:43.071, 12603400603244, vstest.console.dll, AssemblyResolver.OnResolve: Microsoft.Bcl.AsyncInterfaces: Assembly path does not exist: 'C:\Program Files\dotnet\sdk\8.0.300\Microsoft.Bcl.AsyncInterfaces.dll', returning.
TpTrace Information: 0 : 52404, 1, 2025/02/28, 09:40:43.072, 12603400603988, vstest.console.dll, AssemblyResolver.OnResolve: Microsoft.Bcl.AsyncInterfaces: Assembly path does not exist: 'C:\Program Files\dotnet\sdk\8.0.300\Microsoft.Bcl.AsyncInterfaces.exe', returning.
TpTrace Information: 0 : 52404, 1, 2025/02/28, 09:40:43.072, 12603400604263, vstest.console.dll, AssemblyResolver.OnResolve: Microsoft.Bcl.AsyncInterfaces: Failed to load assembly.
TpTrace Verbose: 0 : 52404, 1, 2025/02/28, 09:40:43.072, 12603400604585, vstest.console.dll, CurrentDomainAssemblyResolve: Resolving assembly 'Microsoft.Bcl.AsyncInterfaces'.
TpTrace Information: 0 : 52404, 1, 2025/02/28, 09:40:43.072, 12603400605118, vstest.console.dll, AssemblyResolver.OnResolve: Microsoft.Bcl.AsyncInterfaces: Resolving assembly.
TpTrace Information: 0 : 52404, 1, 2025/02/28, 09:40:43.072, 12603400605483, vstest.console.dll, AssemblyResolver.OnResolve: Microsoft.Bcl.AsyncInterfaces: Resolved from cache.
TpTrace Verbose: 0 : 52404, 1, 2025/02/28, 09:40:43.072, 12603400605813, vstest.console.dll, CurrentDomainAssemblyResolve: Resolving assembly 'Microsoft.Bcl.AsyncInterfaces'.
TpTrace Verbose: 0 : 52404, 1, 2025/02/28, 09:40:43.072, 12603400606118, vstest.console.dll, CurrentDomainAssemblyResolve: Failed to resolve assembly 'Microsoft.Bcl.AsyncInterfaces'.
TpTrace Verbose: 0 : 52404, 1, 2025/02/28, 09:40:43.072, 12603400611612, vstest.console.dll, CurrentDomainAssemblyResolve: Failed to resolve assembly 'Microsoft.Bcl.AsyncInterfaces'.
TpTrace Warning: 0 : 52404, 1, 2025/02/28, 09:40:43.082, 12603400705382, vstest.console.dll, TestPluginDiscoverer: Failed to get types from assembly 'Microsoft.Diagnostics.NETCore.Client, Version=0.2.10.15101, Culture=neutral, PublicKeyToken=31bf3856ad364e35'. Error: System.Reflection.ReflectionTypeLoadException: Unable to load one or more of the requested types.
Could not load file or assembly 'Microsoft.Bcl.AsyncInterfaces, Version=6.0.0.0, Culture=neutral, PublicKeyToken=cc7b13ffcd2ddd51'. The system cannot find the file specified.
   at System.Reflection.RuntimeModule.GetTypes(RuntimeModule module)
   at System.Reflection.RuntimeModule.GetTypes()
   at Microsoft.VisualStudio.TestPlatform.Common.ExtensionFramework.TestPluginDiscoverer.GetTestExtensionsFromAssembly[TPluginInfo,TExtension](Assembly assembly, Dictionary`2 pluginInfos, String filePath) in /_/src/Microsoft.TestPlatform.Common/ExtensionFramework/TestPluginDiscoverer.cs:line 158
System.IO.FileNotFoundException: Could not load file or assembly 'Microsoft.Bcl.AsyncInterfaces, Version=6.0.0.0, Culture=neutral, PublicKeyToken=cc7b13ffcd2ddd51'. The system cannot find the file specified.
File name: 'Microsoft.Bcl.AsyncInterfaces, Version=6.0.0.0, Culture=neutral, PublicKeyToken=cc7b13ffcd2ddd51'
 ---> System.IO.FileNotFoundException: Could not load file or assembly 'Microsoft.Bcl.AsyncInterfaces, Culture=neutral, PublicKeyToken=null'. The system cannot find the file specified.
File name: 'Microsoft.Bcl.AsyncInterfaces, Culture=neutral, PublicKeyToken=null'
   at System.Reflection.RuntimeAssembly.InternalLoad(AssemblyName assemblyName, StackCrawlMark& stackMark, AssemblyLoadContext assemblyLoadContext, RuntimeAssembly requestingAssembly, Boolean throwOnFileNotFound)
   at System.Reflection.Assembly.Load(AssemblyName assemblyRef)
   at Microsoft.VisualStudio.TestPlatform.Common.ExtensionFramework.TestPluginCache.CurrentDomainAssemblyResolve(Object sender, AssemblyResolveEventArgs args) in /_/src/Microsoft.TestPlatform.Common/ExtensionFramework/TestPluginCache.cs:line 513
   at System.Runtime.Loader.AssemblyLoadContext.GetFirstResolvedAssemblyFromResolvingEvent(AssemblyName assemblyName)
   at System.Runtime.Loader.AssemblyLoadContext.ResolveUsingEvent(AssemblyName assemblyName)
   at System.Runtime.Loader.AssemblyLoadContext.ResolveUsingResolvingEvent(IntPtr gchManagedAssemblyLoadContext, AssemblyName assemblyName)
TpTrace Warning: 0 : 52404, 1, 2025/02/28, 09:40:43.082, 12603400708580, vstest.console.dll, LoaderExceptions: System.IO.FileNotFoundException: Could not load file or assembly 'Microsoft.Bcl.AsyncInterfaces, Version=6.0.0.0, Culture=neutral, PublicKeyToken=cc7b13ffcd2ddd51'. The system cannot find the file specified.
File name: 'Microsoft.Bcl.AsyncInterfaces, Version=6.0.0.0, Culture=neutral, PublicKeyToken=cc7b13ffcd2ddd51'
 ---> System.IO.FileNotFoundException: Could not load file or assembly 'Microsoft.Bcl.AsyncInterfaces, Culture=neutral, PublicKeyToken=null'. The system cannot find the file specified.
File name: 'Microsoft.Bcl.AsyncInterfaces, Culture=neutral, PublicKeyToken=null'
   at System.Reflection.RuntimeAssembly.InternalLoad(AssemblyName assemblyName, StackCrawlMark& stackMark, AssemblyLoadContext assemblyLoadContext, RuntimeAssembly requestingAssembly, Boolean throwOnFileNotFound)
   at System.Reflection.Assembly.Load(AssemblyName assemblyRef)
   at Microsoft.VisualStudio.TestPlatform.Common.ExtensionFramework.TestPluginCache.CurrentDomainAssemblyResolve(Object sender, AssemblyResolveEventArgs args) in /_/src/Microsoft.TestPlatform.Common/ExtensionFramework/TestPluginCache.cs:line 513
   at System.Runtime.Loader.AssemblyLoadContext.GetFirstResolvedAssemblyFromResolvingEvent(AssemblyName assemblyName)
   at System.Runtime.Loader.AssemblyLoadContext.ResolveUsingEvent(AssemblyName assemblyName)
   at System.Runtime.Loader.AssemblyLoadContext.ResolveUsingResolvingEvent(IntPtr gchManagedAssemblyLoadContext, AssemblyName assemblyName)
TpTrace Information: 0 : 52404, 1, 2025/02/28, 09:40:43.082, 12603400709855, vstest.console.dll, AssemblyResolver.OnResolve: Microsoft.TestPlatform.Extensions.BlameDataCollector: Resolving assembly.
TpTrace Information: 0 : 52404, 1, 2025/02/28, 09:40:43.082, 12603400710509, vstest.console.dll, AssemblyResolver.OnResolve: Microsoft.TestPlatform.Extensions.BlameDataCollector: Searching in: 'C:\Program Files\dotnet\sdk\8.0.300\Extensions'.
TpTrace Information: 0 : 52404, 1, 2025/02/28, 09:40:43.083, 12603400713771, vstest.console.dll, AssemblyResolver.OnResolve: Microsoft.TestPlatform.Extensions.BlameDataCollector: Loading assembly 'C:\Program Files\dotnet\sdk\8.0.300\Extensions\Microsoft.TestPlatform.Extensions.BlameDataCollector.dll'.
TpTrace Information: 0 : 52404, 1, 2025/02/28, 09:40:43.083, 12603400718863, vstest.console.dll, AssemblyResolver.OnResolve: Resolved assembly: Microsoft.TestPlatform.Extensions.BlameDataCollector, from path: C:\Program Files\dotnet\sdk\8.0.300\Extensions\Microsoft.TestPlatform.Extensions.BlameDataCollector.dll
TpTrace Verbose: 0 : 52404, 1, 2025/02/28, 09:40:43.083, 12603400719746, vstest.console.dll, MetadataReaderExtensionsHelper: Discovering extensions inside assembly 'Microsoft.TestPlatform.Extensions.BlameDataCollector, Version=15.0.0.0, Culture=neutral, PublicKeyToken=b03f5f7f11d50a3a' file path 'C:\Program Files\dotnet\sdk\8.0.300\Extensions\Microsoft.TestPlatform.Extensions.BlameDataCollector.dll'
TpTrace Information: 0 : 52404, 1, 2025/02/28, 09:40:43.085, 12603400733958, vstest.console.dll, AssemblyResolver.OnResolve: Microsoft.TestPlatform.Extensions.EventLogCollector: Resolving assembly.
TpTrace Information: 0 : 52404, 1, 2025/02/28, 09:40:43.085, 12603400735328, vstest.console.dll, AssemblyResolver.OnResolve: Microsoft.TestPlatform.Extensions.EventLogCollector: Searching in: 'C:\Program Files\dotnet\sdk\8.0.300\Extensions'.
TpTrace Information: 0 : 52404, 1, 2025/02/28, 09:40:43.085, 12603400737885, vstest.console.dll, AssemblyResolver.OnResolve: Microsoft.TestPlatform.Extensions.EventLogCollector: Loading assembly 'C:\Program Files\dotnet\sdk\8.0.300\Extensions\Microsoft.TestPlatform.Extensions.EventLogCollector.dll'.
TpTrace Information: 0 : 52404, 1, 2025/02/28, 09:40:43.085, 12603400741368, vstest.console.dll, AssemblyResolver.OnResolve: Resolved assembly: Microsoft.TestPlatform.Extensions.EventLogCollector, from path: C:\Program Files\dotnet\sdk\8.0.300\Extensions\Microsoft.TestPlatform.Extensions.EventLogCollector.dll
TpTrace Verbose: 0 : 52404, 1, 2025/02/28, 09:40:43.085, 12603400742133, vstest.console.dll, MetadataReaderExtensionsHelper: Discovering extensions inside assembly 'Microsoft.TestPlatform.Extensions.EventLogCollector, Version=15.0.0.0, Culture=neutral, PublicKeyToken=b03f5f7f11d50a3a' file path 'C:\Program Files\dotnet\sdk\8.0.300\Extensions\Microsoft.TestPlatform.Extensions.EventLogCollector.dll'
TpTrace Information: 0 : 52404, 1, 2025/02/28, 09:40:43.087, 12603400757690, vstest.console.dll, AssemblyResolver.OnResolve: Microsoft.TestPlatform.TestHostRuntimeProvider: Resolving assembly.
TpTrace Information: 0 : 52404, 1, 2025/02/28, 09:40:43.087, 12603400758412, vstest.console.dll, AssemblyResolver.OnResolve: Microsoft.TestPlatform.TestHostRuntimeProvider: Searching in: 'C:\Program Files\dotnet\sdk\8.0.300\Extensions'.
TpTrace Information: 0 : 52404, 1, 2025/02/28, 09:40:43.087, 12603400760779, vstest.console.dll, AssemblyResolver.OnResolve: Microsoft.TestPlatform.TestHostRuntimeProvider: Loading assembly 'C:\Program Files\dotnet\sdk\8.0.300\Extensions\Microsoft.TestPlatform.TestHostRuntimeProvider.dll'.
TpTrace Information: 0 : 52404, 1, 2025/02/28, 09:40:43.088, 12603400766219, vstest.console.dll, AssemblyResolver.OnResolve: Resolved assembly: Microsoft.TestPlatform.TestHostRuntimeProvider, from path: C:\Program Files\dotnet\sdk\8.0.300\Extensions\Microsoft.TestPlatform.TestHostRuntimeProvider.dll
TpTrace Verbose: 0 : 52404, 1, 2025/02/28, 09:40:43.088, 12603400767372, vstest.console.dll, MetadataReaderExtensionsHelper: Discovering extensions inside assembly 'Microsoft.TestPlatform.TestHostRuntimeProvider, Version=15.0.0.0, Culture=neutral, PublicKeyToken=b03f5f7f11d50a3a' file path 'C:\Program Files\dotnet\sdk\8.0.300\Extensions\Microsoft.TestPlatform.TestHostRuntimeProvider.dll'
TpTrace Information: 0 : 52404, 1, 2025/02/28, 09:40:43.089, 12603400780758, vstest.console.dll, GetTestExtensionFromType: Register extension with identifier data 'HostProvider://DefaultTestHost' and type 'Microsoft.VisualStudio.TestPlatform.CrossPlatEngine.Hosting.DefaultTestHostManager, Microsoft.TestPlatform.TestHostRuntimeProvider, Version=15.0.0.0, Culture=neutral, PublicKeyToken=b03f5f7f11d50a3a' inside file 'C:\Program Files\dotnet\sdk\8.0.300\Extensions\Microsoft.TestPlatform.TestHostRuntimeProvider.dll'
TpTrace Information: 0 : 52404, 1, 2025/02/28, 09:40:43.090, 12603400783712, vstest.console.dll, GetTestExtensionFromType: Register extension with identifier data 'HostProvider://DotnetTestHost' and type 'Microsoft.VisualStudio.TestPlatform.CrossPlatEngine.Hosting.DotnetTestHostManager, Microsoft.TestPlatform.TestHostRuntimeProvider, Version=15.0.0.0, Culture=neutral, PublicKeyToken=b03f5f7f11d50a3a' inside file 'C:\Program Files\dotnet\sdk\8.0.300\Extensions\Microsoft.TestPlatform.TestHostRuntimeProvider.dll'
TpTrace Information: 0 : 52404, 1, 2025/02/28, 09:40:43.090, 12603400784849, vstest.console.dll, AssemblyResolver.OnResolve: Microsoft.VisualStudio.TestPlatform.Extensions.Html.TestLogger: Resolving assembly.
TpTrace Information: 0 : 52404, 1, 2025/02/28, 09:40:43.090, 12603400785789, vstest.console.dll, AssemblyResolver.OnResolve: Microsoft.VisualStudio.TestPlatform.Extensions.Html.TestLogger: Searching in: 'C:\Program Files\dotnet\sdk\8.0.300\Extensions'.
TpTrace Information: 0 : 52404, 1, 2025/02/28, 09:40:43.090, 12603400789155, vstest.console.dll, AssemblyResolver.OnResolve: Microsoft.VisualStudio.TestPlatform.Extensions.Html.TestLogger: Loading assembly 'C:\Program Files\dotnet\sdk\8.0.300\Extensions\Microsoft.VisualStudio.TestPlatform.Extensions.Html.TestLogger.dll'.
TpTrace Information: 0 : 52404, 1, 2025/02/28, 09:40:43.091, 12603400793871, vstest.console.dll, AssemblyResolver.OnResolve: Resolved assembly: Microsoft.VisualStudio.TestPlatform.Extensions.Html.TestLogger, from path: C:\Program Files\dotnet\sdk\8.0.300\Extensions\Microsoft.VisualStudio.TestPlatform.Extensions.Html.TestLogger.dll
TpTrace Verbose: 0 : 52404, 1, 2025/02/28, 09:40:43.091, 12603400794683, vstest.console.dll, MetadataReaderExtensionsHelper: Discovering extensions inside assembly 'Microsoft.VisualStudio.TestPlatform.Extensions.Html.TestLogger, Version=15.0.0.0, Culture=neutral, PublicKeyToken=b03f5f7f11d50a3a' file path 'C:\Program Files\dotnet\sdk\8.0.300\Extensions\Microsoft.VisualStudio.TestPlatform.Extensions.Html.TestLogger.dll'
TpTrace Information: 0 : 52404, 1, 2025/02/28, 09:40:43.091, 12603400803350, vstest.console.dll, AssemblyResolver.OnResolve: Microsoft.VisualStudio.TestPlatform.Extensions.Trx.TestLogger: Resolving assembly.
TpTrace Information: 0 : 52404, 1, 2025/02/28, 09:40:43.092, 12603400804837, vstest.console.dll, AssemblyResolver.OnResolve: Microsoft.VisualStudio.TestPlatform.Extensions.Trx.TestLogger: Searching in: 'C:\Program Files\dotnet\sdk\8.0.300\Extensions'.
TpTrace Information: 0 : 52404, 1, 2025/02/28, 09:40:43.092, 12603400808877, vstest.console.dll, AssemblyResolver.OnResolve: Microsoft.VisualStudio.TestPlatform.Extensions.Trx.TestLogger: Loading assembly 'C:\Program Files\dotnet\sdk\8.0.300\Extensions\Microsoft.VisualStudio.TestPlatform.Extensions.Trx.TestLogger.dll'.
TpTrace Information: 0 : 52404, 1, 2025/02/28, 09:40:43.093, 12603400814929, vstest.console.dll, AssemblyResolver.OnResolve: Resolved assembly: Microsoft.VisualStudio.TestPlatform.Extensions.Trx.TestLogger, from path: C:\Program Files\dotnet\sdk\8.0.300\Extensions\Microsoft.VisualStudio.TestPlatform.Extensions.Trx.TestLogger.dll
TpTrace Verbose: 0 : 52404, 1, 2025/02/28, 09:40:43.093, 12603400815768, vstest.console.dll, MetadataReaderExtensionsHelper: Discovering extensions inside assembly 'Microsoft.VisualStudio.TestPlatform.Extensions.Trx.TestLogger, Version=15.0.0.0, Culture=neutral, PublicKeyToken=b03f5f7f11d50a3a' file path 'C:\Program Files\dotnet\sdk\8.0.300\Extensions\Microsoft.VisualStudio.TestPlatform.Extensions.Trx.TestLogger.dll'
TpTrace Verbose: 0 : 52404, 1, 2025/02/28, 09:40:43.094, 12603400830452, vstest.console.dll, TestPluginCache: Discovered the extensions using extension path ''.
TpTrace Verbose: 0 : 52404, 1, 2025/02/28, 09:40:43.094, 12603400831460, vstest.console.dll, TestPluginCache: Discoverers are ''.
TpTrace Verbose: 0 : 52404, 1, 2025/02/28, 09:40:43.094, 12603400831740, vstest.console.dll, TestPluginCache: Executors are ''.
TpTrace Verbose: 0 : 52404, 1, 2025/02/28, 09:40:43.094, 12603400831975, vstest.console.dll, TestPluginCache: Executors2 are ''.
TpTrace Verbose: 0 : 52404, 1, 2025/02/28, 09:40:43.094, 12603400832315, vstest.console.dll, TestPluginCache: Setting providers are ''.
TpTrace Verbose: 0 : 52404, 1, 2025/02/28, 09:40:43.094, 12603400832546, vstest.console.dll, TestPluginCache: Loggers are ''.
TpTrace Verbose: 0 : 52404, 1, 2025/02/28, 09:40:43.095, 12603400834146, vstest.console.dll, TestPluginCache: TestHosts are 'HostProvider://DefaultTestHost,HostProvider://DotnetTestHost'.
TpTrace Verbose: 0 : 52404, 1, 2025/02/28, 09:40:43.095, 12603400834512, vstest.console.dll, TestPluginCache: DataCollectors are ''.
TpTrace Information: 0 : 52404, 1, 2025/02/28, 09:40:43.106, 12603400951057, vstest.console.dll, RunTestsArgumentProcessor:Execute: Test run is starting.
TpTrace Verbose: 0 : 52404, 1, 2025/02/28, 09:40:43.106, 12603400952355, vstest.console.dll, RunTestsArgumentProcessor:Execute: Queuing Test run.
TpTrace Information: 0 : 52404, 1, 2025/02/28, 09:40:43.107, 12603400955513, vstest.console.dll, TestRequestManager.RunTests: run tests started.
TpTrace Information: 0 : 52404, 1, 2025/02/28, 09:40:43.108, 12603400967592, vstest.console.dll, AssemblyMetadataProvider.GetFrameworkName: Determined framework:'.NETCoreApp,Version=v8.0' for source: 'C:\Users\Halfdone\source\repos\SeleniumWebDriverDemo\SeleniumWebDriverDemo\bin\Debug\net8.0\fine-code-coverage\build-output\SeleniumWebDriverDemo.dll'
TpTrace Information: 0 : 52404, 1, 2025/02/28, 09:40:43.108, 12603400969114, vstest.console.dll, Determined framework for all sources: .NETCoreApp,Version=v8.0
TpTrace Verbose: 0 : 52404, 1, 2025/02/28, 09:40:43.108, 12603400971985, vstest.console.dll, TestRequestManager.UpdateRunSettingsIfRequired: Default architecture: X64 IsDefaultTargetArchitecture: True, Current process architecture: X64 OperatingSystem: Windows.
TpTrace Information: 0 : 52404, 1, 2025/02/28, 09:40:43.110, 12603400986924, vstest.console.dll, AssemblyMetadataProvider.GetArchitecture: Determined architecture:AnyCPU info for assembly: C:\Users\Halfdone\source\repos\SeleniumWebDriverDemo\SeleniumWebDriverDemo\bin\Debug\net8.0\fine-code-coverage\build-output\SeleniumWebDriverDemo.dll
TpTrace Information: 0 : 52404, 1, 2025/02/28, 09:40:43.110, 12603400987509, vstest.console.dll, Determined platform for source 'C:\Users\Halfdone\source\repos\SeleniumWebDriverDemo\SeleniumWebDriverDemo\bin\Debug\net8.0\fine-code-coverage\build-output\SeleniumWebDriverDemo.dll' was AnyCPU and it will use the default plaform X64.
TpTrace Information: 0 : 52404, 1, 2025/02/28, 09:40:43.110, 12603400987771, vstest.console.dll, None of the sources provided any runnable platform, using the default platform: X64
TpTrace Information: 0 : 52404, 1, 2025/02/28, 09:40:43.110, 12603400988580, vstest.console.dll, Platform was updated to 'X64'.
TpTrace Information: 0 : 52404, 1, 2025/02/28, 09:40:43.113, 12603401019419, vstest.console.dll, InferRunSettingsHelper.IsTestSettingsEnabled: Unable to navigate to RunSettings/MSTest. Current node: RunSettings
TpTrace Information: 0 : 52404, 1, 2025/02/28, 09:40:43.114, 12603401025171, vstest.console.dll, AssemblyResolver.OnResolve: Microsoft.VisualStudio.TestPlatform.Fakes: Resolving assembly.
TpTrace Information: 0 : 52404, 1, 2025/02/28, 09:40:43.114, 12603401025858, vstest.console.dll, AssemblyResolver.OnResolve: Microsoft.VisualStudio.TestPlatform.Fakes: Searching in: 'C:\Program Files\dotnet\sdk\8.0.300\Extensions'.
TpTrace Information: 0 : 52404, 1, 2025/02/28, 09:40:43.114, 12603401026720, vstest.console.dll, AssemblyResolver.OnResolve: Microsoft.VisualStudio.TestPlatform.Fakes: Assembly path does not exist: 'C:\Program Files\dotnet\sdk\8.0.300\Extensions\Microsoft.VisualStudio.TestPlatform.Fakes.dll', returning.
TpTrace Information: 0 : 52404, 1, 2025/02/28, 09:40:43.114, 12603401027281, vstest.console.dll, AssemblyResolver.OnResolve: Microsoft.VisualStudio.TestPlatform.Fakes: Assembly path does not exist: 'C:\Program Files\dotnet\sdk\8.0.300\Extensions\Microsoft.VisualStudio.TestPlatform.Fakes.exe', returning.
TpTrace Information: 0 : 52404, 1, 2025/02/28, 09:40:43.114, 12603401027573, vstest.console.dll, AssemblyResolver.OnResolve: Microsoft.VisualStudio.TestPlatform.Fakes: Searching in: 'C:\Program Files\dotnet\sdk\8.0.300'.
TpTrace Information: 0 : 52404, 1, 2025/02/28, 09:40:43.114, 12603401028078, vstest.console.dll, AssemblyResolver.OnResolve: Microsoft.VisualStudio.TestPlatform.Fakes: Assembly path does not exist: 'C:\Program Files\dotnet\sdk\8.0.300\Microsoft.VisualStudio.TestPlatform.Fakes.dll', returning.
TpTrace Information: 0 : 52404, 1, 2025/02/28, 09:40:43.114, 12603401028577, vstest.console.dll, AssemblyResolver.OnResolve: Microsoft.VisualStudio.TestPlatform.Fakes: Assembly path does not exist: 'C:\Program Files\dotnet\sdk\8.0.300\Microsoft.VisualStudio.TestPlatform.Fakes.exe', returning.
TpTrace Information: 0 : 52404, 1, 2025/02/28, 09:40:43.114, 12603401028871, vstest.console.dll, AssemblyResolver.OnResolve: Microsoft.VisualStudio.TestPlatform.Fakes: Failed to load assembly.
TpTrace Information: 0 : 52404, 1, 2025/02/28, 09:40:43.114, 12603401031118, vstest.console.dll, Failed to load assembly Microsoft.VisualStudio.TestPlatform.Fakes, Version=17.0.0.0, Culture=neutral. Reason:System.IO.FileNotFoundException: Could not load file or assembly 'Microsoft.VisualStudio.TestPlatform.Fakes, Version=17.0.0.0, Culture=neutral, PublicKeyToken=null'. The system cannot find the file specified.
File name: 'Microsoft.VisualStudio.TestPlatform.Fakes, Version=17.0.0.0, Culture=neutral, PublicKeyToken=null'
   at System.Reflection.RuntimeAssembly.InternalLoad(AssemblyName assemblyName, StackCrawlMark& stackMark, AssemblyLoadContext assemblyLoadContext, RuntimeAssembly requestingAssembly, Boolean throwOnFileNotFound)
   at System.Reflection.Assembly.Load(AssemblyName assemblyRef)
   at Microsoft.VisualStudio.TestPlatform.Common.Utilities.FakesUtilities.LoadTestPlatformAssembly() in /_/src/Microsoft.TestPlatform.Common/Utilities/FakesUtilities.cs:line 272
TpTrace Verbose: 0 : 52404, 1, 2025/02/28, 09:40:43.117, 12603401059791, vstest.console.dll, TestPluginCache.DiscoverTestExtensions: finding test extensions in assemblies ends with: TestLogger.dll TPluginInfo: Microsoft.VisualStudio.TestPlatform.Common.ExtensionFramework.Utilities.TestLoggerPluginInformation TExtension: Microsoft.VisualStudio.TestPlatform.ObjectModel.Client.ITestLogger
TpTrace Verbose: 0 : 52404, 1, 2025/02/28, 09:40:43.117, 12603401060841, vstest.console.dll, TestPluginCache.GetExtensionPaths: Filtered extension paths: 
TpTrace Verbose: 0 : 52404, 1, 2025/02/28, 09:40:43.117, 12603401061192, vstest.console.dll, TestPluginCache.GetExtensionPaths: Added default extension paths: C:\Program Files\dotnet\sdk\8.0.300\Extensions\Microsoft.Diagnostics.NETCore.Client.dll
C:\Program Files\dotnet\sdk\8.0.300\Extensions\Microsoft.TestPlatform.Extensions.BlameDataCollector.dll
C:\Program Files\dotnet\sdk\8.0.300\Extensions\Microsoft.TestPlatform.Extensions.EventLogCollector.dll
C:\Program Files\dotnet\sdk\8.0.300\Extensions\Microsoft.TestPlatform.TestHostRuntimeProvider.dll
C:\Program Files\dotnet\sdk\8.0.300\Extensions\Microsoft.VisualStudio.TestPlatform.Extensions.Html.TestLogger.dll
C:\Program Files\dotnet\sdk\8.0.300\Extensions\Microsoft.VisualStudio.TestPlatform.Extensions.Trx.TestLogger.dll
TpTrace Verbose: 0 : 52404, 1, 2025/02/28, 09:40:43.117, 12603401061448, vstest.console.dll, TestPluginCache.GetExtensionPaths: Added unfilterableExtensionPaths: 
TpTrace Information: 0 : 52404, 1, 2025/02/28, 09:40:43.117, 12603401062627, vstest.console.dll, AssemblyResolver.AddSearchDirectories: Adding more searchDirectories C:\Program Files\dotnet\sdk\8.0.300\Extensions,C:\Program Files\dotnet\sdk\8.0.300
TpTrace Verbose: 0 : 52404, 1, 2025/02/28, 09:40:43.117, 12603401063022, vstest.console.dll, TestPluginCache.DiscoverTestExtensions: Discovering the extensions using extension path.
TpTrace Verbose: 0 : 52404, 1, 2025/02/28, 09:40:43.117, 12603401063322, vstest.console.dll, TestPluginCache.GetExtensionPaths: Filtered extension paths: 
TpTrace Verbose: 0 : 52404, 1, 2025/02/28, 09:40:43.117, 12603401063615, vstest.console.dll, TestPluginCache.GetExtensionPaths: Added default extension paths: C:\Program Files\dotnet\sdk\8.0.300\Extensions\Microsoft.Diagnostics.NETCore.Client.dll
C:\Program Files\dotnet\sdk\8.0.300\Extensions\Microsoft.TestPlatform.Extensions.BlameDataCollector.dll
C:\Program Files\dotnet\sdk\8.0.300\Extensions\Microsoft.TestPlatform.Extensions.EventLogCollector.dll
C:\Program Files\dotnet\sdk\8.0.300\Extensions\Microsoft.TestPlatform.TestHostRuntimeProvider.dll
C:\Program Files\dotnet\sdk\8.0.300\Extensions\Microsoft.VisualStudio.TestPlatform.Extensions.Html.TestLogger.dll
C:\Program Files\dotnet\sdk\8.0.300\Extensions\Microsoft.VisualStudio.TestPlatform.Extensions.Trx.TestLogger.dll
TpTrace Verbose: 0 : 52404, 1, 2025/02/28, 09:40:43.118, 12603401063874, vstest.console.dll, TestPluginCache.GetExtensionPaths: Added unfilterableExtensionPaths: 
TpTrace Verbose: 0 : 52404, 1, 2025/02/28, 09:40:43.118, 12603401064667, vstest.console.dll, TestPluginCache.DiscoverTestExtensions: Discovering the extensions using allExtensionPaths: C:\Program Files\dotnet\sdk\8.0.300\Extensions\Microsoft.Diagnostics.NETCore.Client.dll
C:\Program Files\dotnet\sdk\8.0.300\Extensions\Microsoft.TestPlatform.Extensions.BlameDataCollector.dll
C:\Program Files\dotnet\sdk\8.0.300\Extensions\Microsoft.TestPlatform.Extensions.EventLogCollector.dll
C:\Program Files\dotnet\sdk\8.0.300\Extensions\Microsoft.TestPlatform.TestHostRuntimeProvider.dll
C:\Program Files\dotnet\sdk\8.0.300\Extensions\Microsoft.VisualStudio.TestPlatform.Extensions.Html.TestLogger.dll
C:\Program Files\dotnet\sdk\8.0.300\Extensions\Microsoft.VisualStudio.TestPlatform.Extensions.Trx.TestLogger.dll
TpTrace Information: 0 : 52404, 1, 2025/02/28, 09:40:43.118, 12603401065130, vstest.console.dll, AssemblyResolver.AddSearchDirectories: Adding more searchDirectories C:\Program Files\dotnet\sdk\8.0.300\Extensions,C:\Program Files\dotnet\sdk\8.0.300
TpTrace Information: 0 : 52404, 1, 2025/02/28, 09:40:43.118, 12603401065515, vstest.console.dll, AssemblyResolver.AddSearchDirectories: Adding more searchDirectories C:\Program Files\dotnet\sdk\8.0.300\Extensions,C:\Program Files\dotnet\sdk\8.0.300
TpTrace Information: 0 : 52404, 1, 2025/02/28, 09:40:43.118, 12603401065803, vstest.console.dll, AssemblyResolver.AddSearchDirectories: Adding more searchDirectories C:\Program Files\dotnet\sdk\8.0.300\Extensions,C:\Program Files\dotnet\sdk\8.0.300
TpTrace Information: 0 : 52404, 1, 2025/02/28, 09:40:43.118, 12603401066075, vstest.console.dll, AssemblyResolver.AddSearchDirectories: Adding more searchDirectories C:\Program Files\dotnet\sdk\8.0.300\Extensions,C:\Program Files\dotnet\sdk\8.0.300
TpTrace Information: 0 : 52404, 1, 2025/02/28, 09:40:43.118, 12603401066343, vstest.console.dll, AssemblyResolver.AddSearchDirectories: Adding more searchDirectories C:\Program Files\dotnet\sdk\8.0.300\Extensions,C:\Program Files\dotnet\sdk\8.0.300
TpTrace Information: 0 : 52404, 1, 2025/02/28, 09:40:43.118, 12603401066663, vstest.console.dll, AssemblyResolver.AddSearchDirectories: Adding more searchDirectories C:\Program Files\dotnet\sdk\8.0.300\Extensions,C:\Program Files\dotnet\sdk\8.0.300
TpTrace Verbose: 0 : 52404, 1, 2025/02/28, 09:40:43.118, 12603401067568, vstest.console.dll, MetadataReaderExtensionsHelper: Discovering extensions inside assembly 'Microsoft.Diagnostics.NETCore.Client, Version=0.2.10.15101, Culture=neutral, PublicKeyToken=31bf3856ad364e35' file path 'C:\Program Files\dotnet\sdk\8.0.300\Extensions\Microsoft.Diagnostics.NETCore.Client.dll'
TpTrace Information: 0 : 52404, 1, 2025/02/28, 09:40:43.119, 12603401075028, vstest.console.dll, AssemblyResolver.OnResolve: Microsoft.Bcl.AsyncInterfaces: Resolving assembly.
TpTrace Information: 0 : 52404, 1, 2025/02/28, 09:40:43.119, 12603401076003, vstest.console.dll, AssemblyResolver.OnResolve: Microsoft.Bcl.AsyncInterfaces: Resolved from cache.
TpTrace Verbose: 0 : 52404, 1, 2025/02/28, 09:40:43.119, 12603401076293, vstest.console.dll, CurrentDomainAssemblyResolve: Resolving assembly 'Microsoft.Bcl.AsyncInterfaces'.
TpTrace Information: 0 : 52404, 1, 2025/02/28, 09:40:43.119, 12603401077169, vstest.console.dll, AssemblyResolver.OnResolve: Microsoft.Bcl.AsyncInterfaces: Resolving assembly.
TpTrace Information: 0 : 52404, 1, 2025/02/28, 09:40:43.119, 12603401077489, vstest.console.dll, AssemblyResolver.OnResolve: Microsoft.Bcl.AsyncInterfaces: Resolved from cache.
TpTrace Verbose: 0 : 52404, 1, 2025/02/28, 09:40:43.119, 12603401077743, vstest.console.dll, CurrentDomainAssemblyResolve: Resolving assembly 'Microsoft.Bcl.AsyncInterfaces'.
TpTrace Verbose: 0 : 52404, 1, 2025/02/28, 09:40:43.119, 12603401077976, vstest.console.dll, CurrentDomainAssemblyResolve: Failed to resolve assembly 'Microsoft.Bcl.AsyncInterfaces'.
TpTrace Verbose: 0 : 52404, 1, 2025/02/28, 09:40:43.119, 12603401079319, vstest.console.dll, CurrentDomainAssemblyResolve: Failed to resolve assembly 'Microsoft.Bcl.AsyncInterfaces'.
TpTrace Warning: 0 : 52404, 1, 2025/02/28, 09:40:43.119, 12603401082390, vstest.console.dll, TestPluginDiscoverer: Failed to get types from assembly 'Microsoft.Diagnostics.NETCore.Client, Version=0.2.10.15101, Culture=neutral, PublicKeyToken=31bf3856ad364e35'. Error: System.Reflection.ReflectionTypeLoadException: Unable to load one or more of the requested types.
Could not load file or assembly 'Microsoft.Bcl.AsyncInterfaces, Version=6.0.0.0, Culture=neutral, PublicKeyToken=cc7b13ffcd2ddd51'. The system cannot find the file specified.
   at System.Reflection.RuntimeModule.GetTypes(RuntimeModule module)
   at System.Reflection.RuntimeModule.GetTypes()
   at Microsoft.VisualStudio.TestPlatform.Common.ExtensionFramework.TestPluginDiscoverer.GetTestExtensionsFromAssembly[TPluginInfo,TExtension](Assembly assembly, Dictionary`2 pluginInfos, String filePath) in /_/src/Microsoft.TestPlatform.Common/ExtensionFramework/TestPluginDiscoverer.cs:line 158
System.IO.FileNotFoundException: Could not load file or assembly 'Microsoft.Bcl.AsyncInterfaces, Version=6.0.0.0, Culture=neutral, PublicKeyToken=cc7b13ffcd2ddd51'. The system cannot find the file specified.
File name: 'Microsoft.Bcl.AsyncInterfaces, Version=6.0.0.0, Culture=neutral, PublicKeyToken=cc7b13ffcd2ddd51'
 ---> System.IO.FileNotFoundException: Could not load file or assembly 'Microsoft.Bcl.AsyncInterfaces, Culture=neutral, PublicKeyToken=null'. The system cannot find the file specified.
File name: 'Microsoft.Bcl.AsyncInterfaces, Culture=neutral, PublicKeyToken=null'
   at System.Reflection.RuntimeAssembly.InternalLoad(AssemblyName assemblyName, StackCrawlMark& stackMark, AssemblyLoadContext assemblyLoadContext, RuntimeAssembly requestingAssembly, Boolean throwOnFileNotFound)
   at System.Reflection.Assembly.Load(AssemblyName assemblyRef)
   at Microsoft.VisualStudio.TestPlatform.Common.ExtensionFramework.TestPluginCache.CurrentDomainAssemblyResolve(Object sender, AssemblyResolveEventArgs args) in /_/src/Microsoft.TestPlatform.Common/ExtensionFramework/TestPluginCache.cs:line 513
   at System.Runtime.Loader.AssemblyLoadContext.GetFirstResolvedAssemblyFromResolvingEvent(AssemblyName assemblyName)
   at System.Runtime.Loader.AssemblyLoadContext.ResolveUsingEvent(AssemblyName assemblyName)
   at System.Runtime.Loader.AssemblyLoadContext.ResolveUsingResolvingEvent(IntPtr gchManagedAssemblyLoadContext, AssemblyName assemblyName)
TpTrace Warning: 0 : 52404, 1, 2025/02/28, 09:40:43.120, 12603401083893, vstest.console.dll, LoaderExceptions: System.IO.FileNotFoundException: Could not load file or assembly 'Microsoft.Bcl.AsyncInterfaces, Version=6.0.0.0, Culture=neutral, PublicKeyToken=cc7b13ffcd2ddd51'. The system cannot find the file specified.
File name: 'Microsoft.Bcl.AsyncInterfaces, Version=6.0.0.0, Culture=neutral, PublicKeyToken=cc7b13ffcd2ddd51'
 ---> System.IO.FileNotFoundException: Could not load file or assembly 'Microsoft.Bcl.AsyncInterfaces, Culture=neutral, PublicKeyToken=null'. The system cannot find the file specified.
File name: 'Microsoft.Bcl.AsyncInterfaces, Culture=neutral, PublicKeyToken=null'
   at System.Reflection.RuntimeAssembly.InternalLoad(AssemblyName assemblyName, StackCrawlMark& stackMark, AssemblyLoadContext assemblyLoadContext, RuntimeAssembly requestingAssembly, Boolean throwOnFileNotFound)
   at System.Reflection.Assembly.Load(AssemblyName assemblyRef)
   at Microsoft.VisualStudio.TestPlatform.Common.ExtensionFramework.TestPluginCache.CurrentDomainAssemblyResolve(Object sender, AssemblyResolveEventArgs args) in /_/src/Microsoft.TestPlatform.Common/ExtensionFramework/TestPluginCache.cs:line 513
   at System.Runtime.Loader.AssemblyLoadContext.GetFirstResolvedAssemblyFromResolvingEvent(AssemblyName assemblyName)
   at System.Runtime.Loader.AssemblyLoadContext.ResolveUsingEvent(AssemblyName assemblyName)
   at System.Runtime.Loader.AssemblyLoadContext.ResolveUsingResolvingEvent(IntPtr gchManagedAssemblyLoadContext, AssemblyName assemblyName)
TpTrace Verbose: 0 : 52404, 1, 2025/02/28, 09:40:43.120, 12603401084568, vstest.console.dll, MetadataReaderExtensionsHelper: Discovering extensions inside assembly 'Microsoft.TestPlatform.Extensions.BlameDataCollector, Version=15.0.0.0, Culture=neutral, PublicKeyToken=b03f5f7f11d50a3a' file path 'C:\Program Files\dotnet\sdk\8.0.300\Extensions\Microsoft.TestPlatform.Extensions.BlameDataCollector.dll'
TpTrace Information: 0 : 52404, 1, 2025/02/28, 09:40:43.120, 12603401089005, vstest.console.dll, GetTestExtensionFromType: Register extension with identifier data 'logger://Microsoft/TestPlatform/Extensions/Blame/v1' and type 'Microsoft.TestPlatform.Extensions.BlameDataCollector.BlameLogger, Microsoft.TestPlatform.Extensions.BlameDataCollector, Version=15.0.0.0, Culture=neutral, PublicKeyToken=b03f5f7f11d50a3a' inside file 'C:\Program Files\dotnet\sdk\8.0.300\Extensions\Microsoft.TestPlatform.Extensions.BlameDataCollector.dll'
TpTrace Verbose: 0 : 52404, 1, 2025/02/28, 09:40:43.120, 12603401089890, vstest.console.dll, MetadataReaderExtensionsHelper: Discovering extensions inside assembly 'Microsoft.TestPlatform.Extensions.EventLogCollector, Version=15.0.0.0, Culture=neutral, PublicKeyToken=b03f5f7f11d50a3a' file path 'C:\Program Files\dotnet\sdk\8.0.300\Extensions\Microsoft.TestPlatform.Extensions.EventLogCollector.dll'
TpTrace Verbose: 0 : 52404, 1, 2025/02/28, 09:40:43.120, 12603401092773, vstest.console.dll, MetadataReaderExtensionsHelper: Discovering extensions inside assembly 'Microsoft.TestPlatform.TestHostRuntimeProvider, Version=15.0.0.0, Culture=neutral, PublicKeyToken=b03f5f7f11d50a3a' file path 'C:\Program Files\dotnet\sdk\8.0.300\Extensions\Microsoft.TestPlatform.TestHostRuntimeProvider.dll'
TpTrace Verbose: 0 : 52404, 1, 2025/02/28, 09:40:43.121, 12603401095397, vstest.console.dll, MetadataReaderExtensionsHelper: Discovering extensions inside assembly 'Microsoft.VisualStudio.TestPlatform.Extensions.Html.TestLogger, Version=15.0.0.0, Culture=neutral, PublicKeyToken=b03f5f7f11d50a3a' file path 'C:\Program Files\dotnet\sdk\8.0.300\Extensions\Microsoft.VisualStudio.TestPlatform.Extensions.Html.TestLogger.dll'
TpTrace Information: 0 : 52404, 1, 2025/02/28, 09:40:43.121, 12603401099907, vstest.console.dll, GetTestExtensionFromType: Register extension with identifier data 'logger://Microsoft/TestPlatform/HtmlLogger/v1' and type 'Microsoft.VisualStudio.TestPlatform.Extensions.HtmlLogger.HtmlLogger, Microsoft.VisualStudio.TestPlatform.Extensions.Html.TestLogger, Version=15.0.0.0, Culture=neutral, PublicKeyToken=b03f5f7f11d50a3a' inside file 'C:\Program Files\dotnet\sdk\8.0.300\Extensions\Microsoft.VisualStudio.TestPlatform.Extensions.Html.TestLogger.dll'
TpTrace Verbose: 0 : 52404, 1, 2025/02/28, 09:40:43.121, 12603401100481, vstest.console.dll, MetadataReaderExtensionsHelper: Discovering extensions inside assembly 'Microsoft.VisualStudio.TestPlatform.Extensions.Trx.TestLogger, Version=15.0.0.0, Culture=neutral, PublicKeyToken=b03f5f7f11d50a3a' file path 'C:\Program Files\dotnet\sdk\8.0.300\Extensions\Microsoft.VisualStudio.TestPlatform.Extensions.Trx.TestLogger.dll'
TpTrace Information: 0 : 52404, 1, 2025/02/28, 09:40:43.121, 12603401103558, vstest.console.dll, GetTestExtensionFromType: Register extension with identifier data 'logger://Microsoft/TestPlatform/TrxLogger/v1' and type 'Microsoft.VisualStudio.TestPlatform.Extensions.TrxLogger.TrxLogger, Microsoft.VisualStudio.TestPlatform.Extensions.Trx.TestLogger, Version=15.0.0.0, Culture=neutral, PublicKeyToken=b03f5f7f11d50a3a' inside file 'C:\Program Files\dotnet\sdk\8.0.300\Extensions\Microsoft.VisualStudio.TestPlatform.Extensions.Trx.TestLogger.dll'
TpTrace Verbose: 0 : 52404, 1, 2025/02/28, 09:40:43.122, 12603401104163, vstest.console.dll, TestPluginCache: Discovered the extensions using extension path ''.
TpTrace Verbose: 0 : 52404, 1, 2025/02/28, 09:40:43.122, 12603401104520, vstest.console.dll, TestPluginCache: Discoverers are ''.
TpTrace Verbose: 0 : 52404, 1, 2025/02/28, 09:40:43.122, 12603401104757, vstest.console.dll, TestPluginCache: Executors are ''.
TpTrace Verbose: 0 : 52404, 1, 2025/02/28, 09:40:43.122, 12603401104979, vstest.console.dll, TestPluginCache: Executors2 are ''.
TpTrace Verbose: 0 : 52404, 1, 2025/02/28, 09:40:43.122, 12603401105237, vstest.console.dll, TestPluginCache: Setting providers are ''.
TpTrace Verbose: 0 : 52404, 1, 2025/02/28, 09:40:43.122, 12603401105883, vstest.console.dll, TestPluginCache: Loggers are 'logger://Microsoft/TestPlatform/Extensions/Blame/v1,logger://Microsoft/TestPlatform/HtmlLogger/v1,logger://Microsoft/TestPlatform/TrxLogger/v1'.
TpTrace Verbose: 0 : 52404, 1, 2025/02/28, 09:40:43.122, 12603401106316, vstest.console.dll, TestPluginCache: TestHosts are 'HostProvider://DefaultTestHost,HostProvider://DotnetTestHost'.
TpTrace Verbose: 0 : 52404, 1, 2025/02/28, 09:40:43.122, 12603401106607, vstest.console.dll, TestPluginCache: DataCollectors are ''.
TpTrace Information: 0 : 52404, 1, 2025/02/28, 09:40:43.123, 12603401116347, vstest.console.dll, TestPluginManager.CreateTestExtension: Attempting to load test extension: Microsoft.TestPlatform.Extensions.BlameDataCollector.BlameLogger
TpTrace Verbose: 0 : 52404, 1, 2025/02/28, 09:40:43.130, 12603401186434, vstest.console.dll, TestEngine: Initializing Parallel Execution as MaxCpuCount is set to: 1
TpTrace Information: 0 : 52404, 1, 2025/02/28, 09:40:43.131, 12603401199050, vstest.console.dll, TestPluginManager.CreateTestExtension: Attempting to load test extension: Microsoft.VisualStudio.TestPlatform.CrossPlatEngine.Hosting.DefaultTestHostManager
TpTrace Information: 0 : 52404, 1, 2025/02/28, 09:40:43.132, 12603401207154, vstest.console.dll, TestPluginManager.CreateTestExtension: Attempting to load test extension: Microsoft.VisualStudio.TestPlatform.CrossPlatEngine.Hosting.DotnetTestHostManager
TpTrace Information: 0 : 52404, 1, 2025/02/28, 09:40:43.132, 12603401213026, vstest.console.dll, InferRunSettingsHelper.IsTestSettingsEnabled: Unable to navigate to RunSettings/MSTest. Current node: RunSettings
TpTrace Verbose: 0 : 52404, 1, 2025/02/28, 09:40:43.133, 12603401220108, vstest.console.dll, ParallelOperationManager.ClearSlots: Clearing all slots. Slots should accept more work: True
TpTrace Verbose: 0 : 52404, 1, 2025/02/28, 09:40:43.134, 12603401226761, vstest.console.dll, ParallelOperationManager.SetOccupiedSlotCount: Setting slot counts AvailableSlotCount = 1, OccupiedSlotCount = 0.
TpTrace Verbose: 0 : 52404, 1, 2025/02/28, 09:40:43.134, 12603401230280, vstest.console.dll, Occupied slots:

TpTrace Verbose: 0 : 52404, 1, 2025/02/28, 09:40:43.137, 12603401260863, vstest.console.dll, TestEngine.GetExecutionManager: Chosen execution manager 'Microsoft.VisualStudio.TestPlatform.CrossPlatEngine.Client.Parallel.ParallelProxyExecutionManager, Microsoft.TestPlatform.CrossPlatEngine, Version=15.0.0.0, Culture=neutral, PublicKeyToken=b03f5f7f11d50a3a' ParallelLevel '1'.
TpTrace Verbose: 0 : 52404, 1, 2025/02/28, 09:40:43.137, 12603401262098, vstest.console.dll, TestRunRequest.ExecuteAsync: Creating test run request.
TpTrace Verbose: 0 : 52404, 1, 2025/02/28, 09:40:43.138, 12603401264046, vstest.console.dll, TestRunRequest.ExecuteAsync: Starting.
TpTrace Information: 0 : 52404, 1, 2025/02/28, 09:40:43.139, 12603401281840, vstest.console.dll, TestRunRequest.ExecuteAsync: Starting run with settings:TestRunCriteria:
   KeepAlive=False,FrequencyOfRunStatsChangeEvent=10,RunStatsChangeEventTimeout=00:00:01.5000000,TestCaseFilter=,TestExecutorLauncher=
   Settingsxml=<RunSettings>
  <RunConfiguration>
    <ResultsDirectory>C:\Users\Halfdone\source\repos\SeleniumWebDriverDemo\SeleniumWebDriverDemo\bin\Debug\net8.0\fine-code-coverage\coverage-tool-output</ResultsDirectory>
    <TargetPlatform>X64</TargetPlatform>
    <TargetFrameworkVersion>.NETCoreApp,Version=v8.0</TargetFrameworkVersion>
    <DesignMode>False</DesignMode>
    <CollectSourceInformation>False</CollectSourceInformation>
  </RunConfiguration>
  <LoggerRunSettings>
    <Loggers>
      <Logger friendlyName="blame" enabled="True" />
      <Logger friendlyName="Console" uri="logger://microsoft/TestPlatform/ConsoleLogger/v1" assemblyQualifiedName="Microsoft.VisualStudio.TestPlatform.CommandLine.Internal.ConsoleLogger, vstest.console, Version=15.0.0.0, Culture=neutral, PublicKeyToken=b03f5f7f11d50a3a" codeBase="C:\Program Files\dotnet\sdk\8.0.300\vstest.console.dll" enabled="True" />
    </Loggers>
  </LoggerRunSettings>
  <DataCollectionRunSettings>
    <DataCollectors>
      <DataCollector friendlyName="blame" enabled="True">
        <Configuration>
          <ResultsDirectory>C:\Users\Halfdone\source\repos\SeleniumWebDriverDemo\SeleniumWebDriverDemo\bin\Debug\net8.0\fine-code-coverage\coverage-tool-output</ResultsDirectory>
        </Configuration>
      </DataCollector>
    </DataCollectors>
  </DataCollectionRunSettings>
</RunSettings>

TpTrace Verbose: 0 : 52404, 1, 2025/02/28, 09:40:43.139, 12603401283247, vstest.console.dll, TestRunRequest.ExecuteAsync: Wait for the first run request is over.
TpTrace Verbose: 0 : 52404, 1, 2025/02/28, 09:40:43.140, 12603401288125, vstest.console.dll, MulticastDelegateUtilities.SafeInvoke: TestRun.TestRunStart: Invoking callbacks was skipped because there are no subscribers.
TpTrace Verbose: 0 : 52404, 4, 2025/02/28, 09:40:43.140, 12603401290413, vstest.console.dll, MulticastDelegateUtilities.SafeInvoke: InternalTestLoggerEvents.SendTestRunStart: Invoking callback 1/1 for Microsoft.VisualStudio.TestPlatform.CommandLine.Internal.ConsoleLogger., took 0 ms.
TpTrace Verbose: 0 : 52404, 1, 2025/02/28, 09:40:43.142, 12603401304461, vstest.console.dll, ParallelProxyExecutionManager: Start execution. Total sources: 1
TpTrace Verbose: 0 : 52404, 1, 2025/02/28, 09:40:43.142, 12603401310352, vstest.console.dll, ParallelOperationManager.StartWork: Starting adding 1 workloads.
TpTrace Verbose: 0 : 52404, 1, 2025/02/28, 09:40:43.142, 12603401311659, vstest.console.dll, ParallelOperationManager.ClearSlots: Clearing all slots. Slots should accept more work: True
TpTrace Verbose: 0 : 52404, 1, 2025/02/28, 09:40:43.142, 12603401312995, vstest.console.dll, ParallelOperationManager.SetOccupiedSlotCount: Setting slot counts AvailableSlotCount = 1, OccupiedSlotCount = 0.
TpTrace Verbose: 0 : 52404, 1, 2025/02/28, 09:40:43.142, 12603401313603, vstest.console.dll, Occupied slots:

TpTrace Verbose: 0 : 52404, 1, 2025/02/28, 09:40:43.144, 12603401333077, vstest.console.dll, TestRequestSender is acting as server.
TpTrace Verbose: 0 : 52404, 1, 2025/02/28, 09:40:43.146, 12603401350065, vstest.console.dll, ParallelOperationManager.RunWorkInParallel: Adding 1 workload to slot, remaining workloads 0.
TpTrace Verbose: 0 : 52404, 1, 2025/02/28, 09:40:43.146, 12603401351229, vstest.console.dll, ParallelOperationManager.SetOccupiedSlotCount: Setting slot counts AvailableSlotCount = 0, OccupiedSlotCount = 1.
TpTrace Verbose: 0 : 52404, 1, 2025/02/28, 09:40:43.146, 12603401352790, vstest.console.dll, Occupied slots:
0: C:\Users\Halfdone\source\repos\SeleniumWebDriverDemo\SeleniumWebDriverDemo\bin\Debug\net8.0\fine-code-coverage\build-output\SeleniumWebDriverDemo.dll
TpTrace Verbose: 0 : 52404, 1, 2025/02/28, 09:40:43.148, 12603401368256, vstest.console.dll, ParallelOperationManager.RunWorkInParallel: Started host in slot number 0 for work (source): C:\Users\Halfdone\source\repos\SeleniumWebDriverDemo\SeleniumWebDriverDemo\bin\Debug\net8.0\fine-code-coverage\build-output\SeleniumWebDriverDemo.dll.
TpTrace Verbose: 0 : 52404, 1, 2025/02/28, 09:40:43.149, 12603401380133, vstest.console.dll, ParallelOperationManager.RunWorkInParallel: We started 1 work items, which is the max parallel level. Won't start more work.
TpTrace Verbose: 0 : 52404, 1, 2025/02/28, 09:40:43.149, 12603401381657, vstest.console.dll, ParallelOperationManager.RunWorkInParallel: We started 1 work items in here, returning True.
TpTrace Information: 0 : 52404, 1, 2025/02/28, 09:40:43.149, 12603401382376, vstest.console.dll, TestRunRequest.ExecuteAsync: Started.
TpTrace Verbose: 0 : 52404, 5, 2025/02/28, 09:40:43.149, 12603401382524, vstest.console.dll, ParallelProxyExecutionManager.StartTestRunOnConcurrentManager: Initializing uninitialized client. Started clients: 0
TpTrace Verbose: 0 : 52404, 5, 2025/02/28, 09:40:43.150, 12603401384452, vstest.console.dll, DataCollectionRequestSender.InitializeCommunication : Initialize communication. 
TpTrace Verbose: 0 : 52404, 1, 2025/02/28, 09:40:43.150, 12603401390716, vstest.console.dll, TestRunRequest.WaitForCompletion: Waiting with timeout -1.
TpTrace Information: 0 : 52404, 5, 2025/02/28, 09:40:43.160, 12603401490048, vstest.console.dll, Listening on Endpoint : 127.0.0.1:64977
TpTrace Verbose: 0 : 52404, 5, 2025/02/28, 09:40:43.169, 12603401574174, vstest.console.dll, DotnetDataCollectionLauncher: Adding  --runtimeconfig "C:\Program Files\dotnet\sdk\8.0.300\datacollector.runtimeconfig.json" in args
TpTrace Verbose: 0 : 52404, 5, 2025/02/28, 09:40:43.169, 12603401575799, vstest.console.dll, DotnetDataCollectionLauncher: Adding  --depsfile "C:\Program Files\dotnet\sdk\8.0.300\datacollector.deps.json" in args
TpTrace Verbose: 0 : 52404, 5, 2025/02/28, 09:40:43.169, 12603401578368, vstest.console.dll, DotnetDataCollectionLauncher: Full path of dotnet.exe is C:\Program Files\dotnet\dotnet.exe
TpTrace Information: 0 : 52404, 5, 2025/02/28, 09:40:43.176, 12603401647086, vstest.console.dll, ProxyDataCollectionManager.Initialize: Launched datacollector processId: 49716 port: 64977
TpTrace Information: 0 : 52404, 5, 2025/02/28, 09:40:43.176, 12603401648770, vstest.console.dll, ProxyDataCollectionManager.Initialize: waiting for connection with timeout: 90 seconds
TpTrace Verbose: 0 : 52404, 5, 2025/02/28, 09:40:43.176, 12603401649753, vstest.console.dll, DataCollectionRequestSender.WaitForRequestHandlerConnection : Waiting for connection with timeout: 90000
TpTrace Information: 0 : 52404, 7, 2025/02/28, 09:40:43.322, 12603403106877, vstest.console.dll, Using the buffer size of 16384 bytes
TpTrace Verbose: 0 : 52404, 5, 2025/02/28, 09:40:43.322, 12603403107153, vstest.console.dll, SocketCommunicationManager.WaitForClientConnection took: 145 ms, with 90000 ms timeout, and finished with True.
TpTrace Information: 0 : 52404, 7, 2025/02/28, 09:40:43.322, 12603403108094, vstest.console.dll, Accepted Client request and set the flag
TpTrace Verbose: 0 : 52404, 5, 2025/02/28, 09:40:43.322, 12603403109515, vstest.console.dll, ProxyDataCollectionManager.InvokeDataCollectionServiceAction: Starting.
TpTrace Information: 0 : 52404, 5, 2025/02/28, 09:40:43.322, 12603403110511, vstest.console.dll, ProxyDataCollectionManager.BeforeTestRunStart: Get environment variable and port for datacollector processId: 49716 port: 64977
TpTrace Verbose: 0 : 52404, 5, 2025/02/28, 09:40:43.322, 12603403112125, vstest.console.dll, DataCollectionRequestSender.SendBeforeTestRunStartAndGetResult: Send BeforeTestRunStart message with settingsXml <RunSettings><RunConfiguration><ResultsDirectory>C:\Users\Halfdone\source\repos\SeleniumWebDriverDemo\SeleniumWebDriverDemo\bin\Debug\net8.0\fine-code-coverage\coverage-tool-output</ResultsDirectory><TargetPlatform>X64</TargetPlatform><TargetFrameworkVersion>.NETCoreApp,Version=v8.0</TargetFrameworkVersion><DesignMode>False</DesignMode><CollectSourceInformation>False</CollectSourceInformation><TestAdaptersPaths>C:\Program Files\dotnet\sdk\8.0.300\Extensions</TestAdaptersPaths></RunConfiguration><LoggerRunSettings><Loggers><Logger friendlyName="blame" enabled="True" /><Logger friendlyName="Console" uri="logger://microsoft/TestPlatform/ConsoleLogger/v1" assemblyQualifiedName="Microsoft.VisualStudio.TestPlatform.CommandLine.Internal.ConsoleLogger, vstest.console, Version=15.0.0.0, Culture=neutral, PublicKeyToken=b03f5f7f11d50a3a" codeBase="C:\Program Files\dotnet\sdk\8.0.300\vstest.console.dll" enabled="True" /></Loggers></LoggerRunSettings><DataCollectionRunSettings><DataCollectors><DataCollector friendlyName="blame" enabled="True"><Configuration><ResultsDirectory>C:\Users\Halfdone\source\repos\SeleniumWebDriverDemo\SeleniumWebDriverDemo\bin\Debug\net8.0\fine-code-coverage\coverage-tool-output</ResultsDirectory></Configuration></DataCollector></DataCollectors></DataCollectionRunSettings></RunSettings> and sources System.Collections.Generic.List`1[System.String]: 
TpTrace Verbose: 0 : 52404, 5, 2025/02/28, 09:40:43.371, 12603403603027, vstest.console.dll, DataCollectionRequestSender.SendBeforeTestRunStartAndGetResult: Received message: (DataCollection.SendMessage) -> {"MessageType":"DataCollection.SendMessage","Payload":{"FriendlyName":null,"Uri":null,"TestCaseId":"00000000-0000-0000-0000-000000000000","Message":"Logging DataCollector Diagnostics in file: C:\\Users\\Halfdone\\source\\repos\\SeleniumWebDriverDemo\\SeleniumWebDriverDemo\\bin\\Debug\\net8.0\\fine-code-coverage\\coverage-tool-output\\diagnostics.datacollector.25-02-28_09-40-43_16877_5.log","Level":0}}
TpTrace Verbose: 0 : 52404, 5, 2025/02/28, 09:40:43.458, 12603404468403, vstest.console.dll, DataCollectionRequestSender.SendBeforeTestRunStartAndGetResult: Received message: (DataCollection.BeforeTestRunStartResult) -> {"MessageType":"DataCollection.BeforeTestRunStartResult","Payload":{"EnvironmentVariables":{},"DataCollectionEventsPort":64979}}
TpTrace Information: 0 : 52404, 5, 2025/02/28, 09:40:43.462, 12603404508269, vstest.console.dll, ProxyDataCollectionManager.BeforeTestRunStart: SendBeforeTestRunStartAndGetResult successful, env variable from datacollector:   and testhost port: 64979
TpTrace Information: 0 : 52404, 5, 2025/02/28, 09:40:43.462, 12603404509212, vstest.console.dll, ProxyDataCollectionManager.InvokeDataCollectionServiceAction: Completed.
TpTrace Verbose: 0 : 52404, 5, 2025/02/28, 09:40:43.462, 12603404509584, vstest.console.dll, ParallelProxyExecutionManager.StartTestRunOnConcurrentManager: Initializing test run. Started clients: 0
TpTrace Verbose: 0 : 52404, 5, 2025/02/28, 09:40:43.462, 12603404510300, vstest.console.dll, ProxyExecutionManager: Test host is always Lazy initialize.
TpTrace Verbose: 0 : 52404, 5, 2025/02/28, 09:40:43.462, 12603404511996, vstest.console.dll, TestRequestSender.InitializeCommunication: initialize communication. 
TpTrace Information: 0 : 52404, 5, 2025/02/28, 09:40:43.463, 12603404516376, vstest.console.dll, SocketServer.Start: Listening on endpoint : 127.0.0.1:64980
TpTrace Verbose: 0 : 52404, 5, 2025/02/28, 09:40:43.463, 12603404522192, vstest.console.dll, DotnetTestHostmanager.GetTestHostProcessStartInfo: Platform environment 'X64' target architecture 'X64' framework '.NETCoreApp,Version=v8.0' OS 'Windows'
TpTrace Verbose: 0 : 52404, 5, 2025/02/28, 09:40:43.464, 12603404524108, vstest.console.dll, DotnetTestHostmanager: Adding  --runtimeconfig "C:\Users\Halfdone\source\repos\SeleniumWebDriverDemo\SeleniumWebDriverDemo\bin\Debug\net8.0\fine-code-coverage\build-output\SeleniumWebDriverDemo.runtimeconfig.json" in args
TpTrace Verbose: 0 : 52404, 5, 2025/02/28, 09:40:43.464, 12603404524939, vstest.console.dll, DotnetTestHostmanager: Adding  --depsfile "C:\Users\Halfdone\source\repos\SeleniumWebDriverDemo\SeleniumWebDriverDemo\bin\Debug\net8.0\fine-code-coverage\build-output\SeleniumWebDriverDemo.deps.json" in args
TpTrace Verbose: 0 : 52404, 5, 2025/02/28, 09:40:43.464, 12603404526504, vstest.console.dll, DotnetTestHostmanager.IsWinOnArm: Current PROCESSOR_ARCHITECTURE from environment variable 'AMD64'
TpTrace Verbose: 0 : 52404, 5, 2025/02/28, 09:40:43.464, 12603404527024, vstest.console.dll, DotnetTestHostmanager.IsWinOnArm: Is Windows on ARM 'False'
TpTrace Verbose: 0 : 52404, 5, 2025/02/28, 09:40:43.464, 12603404527762, vstest.console.dll, DotnetTestHostManager: testhost.exe found at path: C:\Users\Halfdone\source\repos\SeleniumWebDriverDemo\SeleniumWebDriverDemo\bin\Debug\net8.0\fine-code-coverage\build-output\testhost.exe
TpTrace Verbose: 0 : 52404, 5, 2025/02/28, 09:40:43.464, 12603404528151, vstest.console.dll, DotnetTestHostmanager: Full path of host exe is C:\Users\Halfdone\source\repos\SeleniumWebDriverDemo\SeleniumWebDriverDemo\bin\Debug\net8.0\fine-code-coverage\build-output\testhost.exe
TpTrace Verbose: 0 : 52404, 5, 2025/02/28, 09:40:43.464, 12603404529138, vstest.console.dll, DotnetTestHostmanager.LaunchTestHostAsync: Found 'VSTEST_WINAPPHOST_DOTNET_ROOT' in env variables, value 'C:\Program Files\dotnet', forwarding to 'DOTNET_ROOT'
TpTrace Verbose: 0 : 52404, 5, 2025/02/28, 09:40:43.464, 12603404530306, vstest.console.dll, DotnetTestHostManager: Starting process 'C:\Users\Halfdone\source\repos\SeleniumWebDriverDemo\SeleniumWebDriverDemo\bin\Debug\net8.0\fine-code-coverage\build-output\testhost.exe' with command line ' --runtimeconfig "C:\Users\Halfdone\source\repos\SeleniumWebDriverDemo\SeleniumWebDriverDemo\bin\Debug\net8.0\fine-code-coverage\build-output\SeleniumWebDriverDemo.runtimeconfig.json" --depsfile "C:\Users\Halfdone\source\repos\SeleniumWebDriverDemo\SeleniumWebDriverDemo\bin\Debug\net8.0\fine-code-coverage\build-output\SeleniumWebDriverDemo.deps.json" --port 64980 --endpoint 127.0.0.1:064980 --role client --parentprocessid 52404 --diag "C:\Users\Halfdone\source\repos\SeleniumWebDriverDemo\SeleniumWebDriverDemo\bin\Debug\net8.0\fine-code-coverage\coverage-tool-output\diagnostics.host.25-02-28_09-40-43_46358_5.log" --tracelevel 4 --datacollectionport 64979 --telemetryoptedin false'
TpTrace Verbose: 0 : 52404, 5, 2025/02/28, 09:40:43.471, 12603404594044, vstest.console.dll, MulticastDelegateUtilities.SafeInvoke: HostProviderEvents.OnHostLaunched: Invoking callback 1/2 for Microsoft.VisualStudio.TestPlatform.CrossPlatEngine.Client.ProxyExecutionManagerWithDataCollection., took 1 ms.
TpTrace Verbose: 0 : 52404, 5, 2025/02/28, 09:40:43.471, 12603404597527, vstest.console.dll, Test Runtime launched
TpTrace Verbose: 0 : 52404, 5, 2025/02/28, 09:40:43.471, 12603404598370, vstest.console.dll, MulticastDelegateUtilities.SafeInvoke: HostProviderEvents.OnHostLaunched: Invoking callback 2/2 for Microsoft.VisualStudio.TestPlatform.CrossPlatEngine.Client.ProxyOperationManager., took 0 ms.
TpTrace Verbose: 0 : 52404, 5, 2025/02/28, 09:40:43.471, 12603404599601, vstest.console.dll, TestRequestSender.WaitForRequestHandlerConnection: waiting for connection with timeout: 90000.
TpTrace Verbose: 0 : 52404, 5, 2025/02/28, 09:40:43.663, 12603406523011, vstest.console.dll, TestRequestSender.WaitForRequestHandlerConnection: waiting took 192 ms, with timeout 90000 ms, and result 0, which is success.
TpTrace Verbose: 0 : 52404, 7, 2025/02/28, 09:40:43.663, 12603406523155, vstest.console.dll, MulticastDelegateUtilities.SafeInvoke: SocketServer: ClientConnected: Invoking callback 1/1 for Microsoft.VisualStudio.TestPlatform.CommunicationUtilities.TestRequestSender., took 0 ms.
TpTrace Verbose: 0 : 52404, 7, 2025/02/28, 09:40:43.664, 12603406525046, vstest.console.dll, SocketServer.OnClientConnected: Client connected for endPoint: 127.0.0.1:64980, starting MessageLoopAsync:
TpTrace Verbose: 0 : 52404, 12, 2025/02/28, 09:40:43.664, 12603406532499, vstest.console.dll, TcpClientExtensions.MessageLoopAsync: Polling on remoteEndPoint: 127.0.0.1:64982 localEndPoint: 127.0.0.1:64980 after 0 ms
TpTrace Verbose: 0 : 52404, 5, 2025/02/28, 09:40:43.665, 12603406534159, vstest.console.dll, TestRequestSender.CheckVersionWithTestHost: Sending check version message: {"MessageType":"ProtocolVersion","Payload":7}
TpTrace Verbose: 0 : 52404, 12, 2025/02/28, 09:40:43.778, 12603407671594, vstest.console.dll, TcpClientExtensions.MessageLoopAsync: NotifyDataAvailable remoteEndPoint: 127.0.0.1:64982 localEndPoint: 127.0.0.1:64980
TpTrace Verbose: 0 : 52404, 12, 2025/02/28, 09:40:43.779, 12603407674003, vstest.console.dll, TestRequestSender.CheckVersionWithTestHost: onMessageReceived received message: (ProtocolVersion) -> {"MessageType":"ProtocolVersion","Payload":7}
TpTrace Verbose: 0 : 52404, 12, 2025/02/28, 09:40:43.779, 12603407679212, vstest.console.dll, MulticastDelegateUtilities.SafeInvoke: LengthPrefixCommunicationChannel: MessageReceived: Invoking callback 1/1 for Microsoft.VisualStudio.TestPlatform.CommunicationUtilities.TestRequestSender+<>c__DisplayClass29_0., took 0 ms.
TpTrace Verbose: 0 : 52404, 12, 2025/02/28, 09:40:43.779, 12603407680062, vstest.console.dll, TcpClientExtensions.MessageLoopAsync: Polling on remoteEndPoint: 127.0.0.1:64982 localEndPoint: 127.0.0.1:64980 after 114 ms
TpTrace Verbose: 0 : 52404, 5, 2025/02/28, 09:40:43.779, 12603407680130, vstest.console.dll, TestPluginCache.GetExtensionPaths: Filtered extension paths: 
TpTrace Verbose: 0 : 52404, 5, 2025/02/28, 09:40:43.779, 12603407682025, vstest.console.dll, TestPluginCache.GetExtensionPaths: Added default extension paths: C:\Program Files\dotnet\sdk\8.0.300\Extensions\Microsoft.Diagnostics.NETCore.Client.dll
C:\Program Files\dotnet\sdk\8.0.300\Extensions\Microsoft.TestPlatform.Extensions.BlameDataCollector.dll
C:\Program Files\dotnet\sdk\8.0.300\Extensions\Microsoft.TestPlatform.Extensions.EventLogCollector.dll
C:\Program Files\dotnet\sdk\8.0.300\Extensions\Microsoft.TestPlatform.TestHostRuntimeProvider.dll
C:\Program Files\dotnet\sdk\8.0.300\Extensions\Microsoft.VisualStudio.TestPlatform.Extensions.Html.TestLogger.dll
C:\Program Files\dotnet\sdk\8.0.300\Extensions\Microsoft.VisualStudio.TestPlatform.Extensions.Trx.TestLogger.dll
TpTrace Verbose: 0 : 52404, 5, 2025/02/28, 09:40:43.779, 12603407682549, vstest.console.dll, TestPluginCache.GetExtensionPaths: Added unfilterableExtensionPaths: 
TpTrace Verbose: 0 : 52404, 5, 2025/02/28, 09:40:43.782, 12603407707507, vstest.console.dll, TestRequestSender.InitializeExecution: Sending initialize execution with message: {"Version":7,"MessageType":"TestExecution.Initialize","Payload":["C:\\Users\\Halfdone\\source\\repos\\SeleniumWebDriverDemo\\SeleniumWebDriverDemo\\bin\\Debug\\net8.0\\fine-code-coverage\\build-output\\NUnit3.TestAdapter.dll"]}
TpTrace Verbose: 0 : 52404, 5, 2025/02/28, 09:40:43.782, 12603407709218, vstest.console.dll, ParallelProxyExecutionManager.StartTestRunOnConcurrentManager: Execution starting. Started clients: 1
TpTrace Verbose: 0 : 52404, 5, 2025/02/28, 09:40:43.782, 12603407711918, vstest.console.dll, TestRunRequest:SendTestRunMessage: Starting.
TpTrace Verbose: 0 : 52404, 5, 2025/02/28, 09:40:43.782, 12603407713348, vstest.console.dll, MulticastDelegateUtilities.SafeInvoke: TestRun.LogMessages: Invoking callback 1/1 for Microsoft.VisualStudio.TestPlatform.CommandLine.TestRunResultAggregator., took 0 ms.
TpTrace Information: 0 : 52404, 5, 2025/02/28, 09:40:43.783, 12603407713771, vstest.console.dll, TestRunRequest:SendTestRunMessage: Completed.
TpTrace Verbose: 0 : 52404, 4, 2025/02/28, 09:40:43.783, 12603407715300, vstest.console.dll, MulticastDelegateUtilities.SafeInvoke: InternalTestLoggerEvents.SendTestRunMessage: Invoking callback 1/1 for Microsoft.VisualStudio.TestPlatform.CommandLine.Internal.ConsoleLogger., took 0 ms.
TpTrace Warning: 0 : 52404, 5, 2025/02/28, 09:40:43.783, 12603407717001, vstest.console.dll, InferRunSettingsHelper.MakeRunsettingsCompatible: Removing the following settings: TargetPlatform from RunSettings file. To use those settings please move to latest version of Microsoft.NET.Test.Sdk
TpTrace Verbose: 0 : 52404, 12, 2025/02/28, 09:40:43.783, 12603407723421, vstest.console.dll, TcpClientExtensions.MessageLoopAsync: NotifyDataAvailable remoteEndPoint: 127.0.0.1:64982 localEndPoint: 127.0.0.1:64980
TpTrace Verbose: 0 : 52404, 12, 2025/02/28, 09:40:43.784, 12603407727919, vstest.console.dll, TestRequestSender.OnExecutionMessageReceived: Received message: {"Version":7,"MessageType":"TestSession.Message","Payload":{"MessageLevel":0,"Message":"Logging TestHost Diagnostics in file: C:\\Users\\Halfdone\\source\\repos\\SeleniumWebDriverDemo\\SeleniumWebDriverDemo\\bin\\Debug\\net8.0\\fine-code-coverage\\coverage-tool-output\\diagnostics.host.25-02-28_09-40-43_46358_5.log"}}
TpTrace Verbose: 0 : 52404, 12, 2025/02/28, 09:40:43.787, 12603407758949, vstest.console.dll, TestRunRequest:SendTestRunMessage: Starting.
TpTrace Verbose: 0 : 52404, 12, 2025/02/28, 09:40:43.787, 12603407760775, vstest.console.dll, MulticastDelegateUtilities.SafeInvoke: TestRun.LogMessages: Invoking callback 1/1 for Microsoft.VisualStudio.TestPlatform.CommandLine.TestRunResultAggregator., took 0 ms.
TpTrace Information: 0 : 52404, 12, 2025/02/28, 09:40:43.787, 12603407761605, vstest.console.dll, TestRunRequest:SendTestRunMessage: Completed.
TpTrace Verbose: 0 : 52404, 4, 2025/02/28, 09:40:43.787, 12603407761043, vstest.console.dll, MulticastDelegateUtilities.SafeInvoke: InternalTestLoggerEvents.SendTestRunMessage: Invoking callback 1/1 for Microsoft.VisualStudio.TestPlatform.CommandLine.Internal.ConsoleLogger., took 0 ms.
TpTrace Verbose: 0 : 52404, 12, 2025/02/28, 09:40:43.787, 12603407762254, vstest.console.dll, MulticastDelegateUtilities.SafeInvoke: LengthPrefixCommunicationChannel: MessageReceived: Invoking callback 1/1 for Microsoft.VisualStudio.TestPlatform.CommunicationUtilities.TestRequestSender+<>c__DisplayClass34_0., took 3 ms.
TpTrace Verbose: 0 : 52404, 12, 2025/02/28, 09:40:43.787, 12603407763412, vstest.console.dll, TcpClientExtensions.MessageLoopAsync: Polling on remoteEndPoint: 127.0.0.1:64982 localEndPoint: 127.0.0.1:64980 after 8 ms
TpTrace Verbose: 0 : 52404, 5, 2025/02/28, 09:40:43.789, 12603407775637, vstest.console.dll, TestRequestSender.StartTestRun: Sending test run with message: {"Version":7,"MessageType":"TestExecution.StartWithSources","Payload":{"AdapterSourceMap":{"_none_":["C:\\Users\\Halfdone\\source\\repos\\SeleniumWebDriverDemo\\SeleniumWebDriverDemo\\bin\\Debug\\net8.0\\fine-code-coverage\\build-output\\SeleniumWebDriverDemo.dll"]},"RunSettings":"<RunSettings>\r\n  <RunConfiguration>\r\n    <ResultsDirectory>C:\\Users\\Halfdone\\source\\repos\\SeleniumWebDriverDemo\\SeleniumWebDriverDemo\\bin\\Debug\\net8.0\\fine-code-coverage\\coverage-tool-output</ResultsDirectory>\r\n    <TargetFrameworkVersion>.NETCoreApp,Version=v8.0</TargetFrameworkVersion>\r\n    <DesignMode>False</DesignMode>\r\n    <CollectSourceInformation>False</CollectSourceInformation>\r\n  </RunConfiguration>\r\n  <LoggerRunSettings>\r\n    <Loggers>\r\n      <Logger friendlyName=\"blame\" enabled=\"True\" />\r\n      <Logger friendlyName=\"Console\" uri=\"logger://microsoft/TestPlatform/ConsoleLogger/v1\" assemblyQualifiedName=\"Microsoft.VisualStudio.TestPlatform.CommandLine.Internal.ConsoleLogger, vstest.console, Version=15.0.0.0, Culture=neutral, PublicKeyToken=b03f5f7f11d50a3a\" codeBase=\"C:\\Program Files\\dotnet\\sdk\\8.0.300\\vstest.console.dll\" enabled=\"True\" />\r\n    </Loggers>\r\n  </LoggerRunSettings>\r\n  <DataCollectionRunSettings>\r\n    <DataCollectors>\r\n      <DataCollector friendlyName=\"blame\" enabled=\"True\">\r\n        <Configuration>\r\n          <ResultsDirectory>C:\\Users\\Halfdone\\source\\repos\\SeleniumWebDriverDemo\\SeleniumWebDriverDemo\\bin\\Debug\\net8.0\\fine-code-coverage\\coverage-tool-output</ResultsDirectory>\r\n        </Configuration>\r\n      </DataCollector>\r\n    </DataCollectors>\r\n  </DataCollectionRunSettings>\r\n</RunSettings>","TestExecutionContext":{"FrequencyOfRunStatsChangeEvent":10,"RunStatsChangeEventTimeout":"00:00:01.5000000","InIsolation":false,"KeepAlive":false,"AreTestCaseLevelEventsRequired":false,"IsDebug":false,"TestCaseFilter":null,"FilterOptions":null},"Package":null}}
TpTrace Verbose: 0 : 52404, 5, 2025/02/28, 09:40:43.789, 12603407777830, vstest.console.dll, ParallelProxyExecutionManager.StartTestRunOnConcurrentManager: Execution started. Started clients: 1
TpTrace Verbose: 0 : 52404, 12, 2025/02/28, 09:40:43.932, 12603409210061, vstest.console.dll, TcpClientExtensions.MessageLoopAsync: NotifyDataAvailable remoteEndPoint: 127.0.0.1:64982 localEndPoint: 127.0.0.1:64980
TpTrace Verbose: 0 : 52404, 12, 2025/02/28, 09:40:43.932, 12603409211459, vstest.console.dll, TestRequestSender.OnExecutionMessageReceived: Received message: {"Version":7,"MessageType":"TestSession.Message","Payload":{"MessageLevel":0,"Message":"NUnit Adapter 5.0.0.0: Test execution started"}}
TpTrace Verbose: 0 : 52404, 12, 2025/02/28, 09:40:43.932, 12603409213220, vstest.console.dll, TestRunRequest:SendTestRunMessage: Starting.
TpTrace Verbose: 0 : 52404, 12, 2025/02/28, 09:40:43.933, 12603409214004, vstest.console.dll, MulticastDelegateUtilities.SafeInvoke: TestRun.LogMessages: Invoking callback 1/1 for Microsoft.VisualStudio.TestPlatform.CommandLine.TestRunResultAggregator., took 0 ms.
TpTrace Information: 0 : 52404, 12, 2025/02/28, 09:40:43.933, 12603409214362, vstest.console.dll, TestRunRequest:SendTestRunMessage: Completed.
TpTrace Verbose: 0 : 52404, 12, 2025/02/28, 09:40:43.933, 12603409214730, vstest.console.dll, MulticastDelegateUtilities.SafeInvoke: LengthPrefixCommunicationChannel: MessageReceived: Invoking callback 1/1 for Microsoft.VisualStudio.TestPlatform.CommunicationUtilities.TestRequestSender+<>c__DisplayClass34_0., took 0 ms.
TpTrace Verbose: 0 : 52404, 4, 2025/02/28, 09:40:43.933, 12603409214563, vstest.console.dll, MulticastDelegateUtilities.SafeInvoke: InternalTestLoggerEvents.SendTestRunMessage: Invoking callback 1/1 for Microsoft.VisualStudio.TestPlatform.CommandLine.Internal.ConsoleLogger., took 0 ms.
TpTrace Verbose: 0 : 52404, 12, 2025/02/28, 09:40:43.933, 12603409215265, vstest.console.dll, TcpClientExtensions.MessageLoopAsync: Polling on remoteEndPoint: 127.0.0.1:64982 localEndPoint: 127.0.0.1:64980 after 145 ms
TpTrace Verbose: 0 : 52404, 12, 2025/02/28, 09:40:43.954, 12603409428160, vstest.console.dll, TcpClientExtensions.MessageLoopAsync: NotifyDataAvailable remoteEndPoint: 127.0.0.1:64982 localEndPoint: 127.0.0.1:64980
TpTrace Verbose: 0 : 52404, 12, 2025/02/28, 09:40:43.954, 12603409429551, vstest.console.dll, TestRequestSender.OnExecutionMessageReceived: Received message: {"Version":7,"MessageType":"TestSession.Message","Payload":{"MessageLevel":0,"Message":"Running all tests in C:\\Users\\Halfdone\\source\\repos\\SeleniumWebDriverDemo\\SeleniumWebDriverDemo\\bin\\Debug\\net8.0\\fine-code-coverage\\build-output\\SeleniumWebDriverDemo.dll"}}
TpTrace Verbose: 0 : 52404, 12, 2025/02/28, 09:40:43.954, 12603409430763, vstest.console.dll, TestRunRequest:SendTestRunMessage: Starting.
TpTrace Verbose: 0 : 52404, 12, 2025/02/28, 09:40:43.954, 12603409431496, vstest.console.dll, MulticastDelegateUtilities.SafeInvoke: TestRun.LogMessages: Invoking callback 1/1 for Microsoft.VisualStudio.TestPlatform.CommandLine.TestRunResultAggregator., took 0 ms.
TpTrace Verbose: 0 : 52404, 4, 2025/02/28, 09:40:43.954, 12603409431861, vstest.console.dll, MulticastDelegateUtilities.SafeInvoke: InternalTestLoggerEvents.SendTestRunMessage: Invoking callback 1/1 for Microsoft.VisualStudio.TestPlatform.CommandLine.Internal.ConsoleLogger., took 0 ms.
TpTrace Information: 0 : 52404, 12, 2025/02/28, 09:40:43.954, 12603409431995, vstest.console.dll, TestRunRequest:SendTestRunMessage: Completed.
TpTrace Verbose: 0 : 52404, 12, 2025/02/28, 09:40:43.954, 12603409433024, vstest.console.dll, MulticastDelegateUtilities.SafeInvoke: LengthPrefixCommunicationChannel: MessageReceived: Invoking callback 1/1 for Microsoft.VisualStudio.TestPlatform.CommunicationUtilities.TestRequestSender+<>c__DisplayClass34_0., took 0 ms.
TpTrace Verbose: 0 : 52404, 12, 2025/02/28, 09:40:43.954, 12603409433399, vstest.console.dll, TcpClientExtensions.MessageLoopAsync: Polling on remoteEndPoint: 127.0.0.1:64982 localEndPoint: 127.0.0.1:64980 after 21 ms
TpTrace Verbose: 0 : 52404, 12, 2025/02/28, 09:40:44.071, 12603410601113, vstest.console.dll, TcpClientExtensions.MessageLoopAsync: NotifyDataAvailable remoteEndPoint: 127.0.0.1:64982 localEndPoint: 127.0.0.1:64980
TpTrace Verbose: 0 : 52404, 12, 2025/02/28, 09:40:44.071, 12603410602595, vstest.console.dll, TestRequestSender.OnExecutionMessageReceived: Received message: {"Version":7,"MessageType":"TestSession.Message","Payload":{"MessageLevel":0,"Message":"   NUnit3TestExecutor discovered 6 of 7 NUnit test cases using Current Discovery mode, Non-Explicit run"}}
TpTrace Verbose: 0 : 52404, 12, 2025/02/28, 09:40:44.072, 12603410603806, vstest.console.dll, TestRunRequest:SendTestRunMessage: Starting.
TpTrace Verbose: 0 : 52404, 12, 2025/02/28, 09:40:44.072, 12603410604513, vstest.console.dll, MulticastDelegateUtilities.SafeInvoke: TestRun.LogMessages: Invoking callback 1/1 for Microsoft.VisualStudio.TestPlatform.CommandLine.TestRunResultAggregator., took 0 ms.
TpTrace Verbose: 0 : 52404, 4, 2025/02/28, 09:40:44.072, 12603410604805, vstest.console.dll, MulticastDelegateUtilities.SafeInvoke: InternalTestLoggerEvents.SendTestRunMessage: Invoking callback 1/1 for Microsoft.VisualStudio.TestPlatform.CommandLine.Internal.ConsoleLogger., took 0 ms.
TpTrace Information: 0 : 52404, 12, 2025/02/28, 09:40:44.072, 12603410604995, vstest.console.dll, TestRunRequest:SendTestRunMessage: Completed.
TpTrace Verbose: 0 : 52404, 12, 2025/02/28, 09:40:44.072, 12603410606083, vstest.console.dll, MulticastDelegateUtilities.SafeInvoke: LengthPrefixCommunicationChannel: MessageReceived: Invoking callback 1/1 for Microsoft.VisualStudio.TestPlatform.CommunicationUtilities.TestRequestSender+<>c__DisplayClass34_0., took 0 ms.
TpTrace Verbose: 0 : 52404, 12, 2025/02/28, 09:40:44.072, 12603410606448, vstest.console.dll, TcpClientExtensions.MessageLoopAsync: Polling on remoteEndPoint: 127.0.0.1:64982 localEndPoint: 127.0.0.1:64980 after 117 ms
TpTrace Verbose: 0 : 52404, 12, 2025/02/28, 09:40:45.073, 12603420614714, vstest.console.dll, TcpClientExtensions.MessageLoopAsync: Polling on remoteEndPoint: 127.0.0.1:64982 localEndPoint: 127.0.0.1:64980 after 1000 ms
TpTrace Verbose: 0 : 52404, 12, 2025/02/28, 09:40:45.415, 12603424034383, vstest.console.dll, TcpClientExtensions.MessageLoopAsync: NotifyDataAvailable remoteEndPoint: 127.0.0.1:64982 localEndPoint: 127.0.0.1:64980
TpTrace Verbose: 0 : 52404, 12, 2025/02/28, 09:40:45.415, 12603424036638, vstest.console.dll, TestRequestSender.OnExecutionMessageReceived: Received message: {"Version":7,"MessageType":"TestExecution.StatsChange","Payload":{"NewTestResults":[],"TestRunStatistics":{"ExecutedTests":0,"Stats":{}},"ActiveTests":[{"Id":"943e2000-02b3-646a-ab91-28fb15fce9f1","FullyQualifiedName":"SeleniumWebDriverDemo.Locators.Basic_Locators","DisplayName":"Basic_Locators","ExecutorUri":"executor://NUnit3TestExecutor","Source":"C:\\Users\\Halfdone\\source\\repos\\SeleniumWebDriverDemo\\SeleniumWebDriverDemo\\bin\\Debug\\net8.0\\fine-code-coverage\\build-output\\SeleniumWebDriverDemo.dll","CodeFilePath":null,"LineNumber":0,"Properties":[{"Key":{"Id":"NUnit.Seed","Label":"Seed","Category":"","Description":"","Attributes":0,"ValueType":"System.String"},"Value":"1540135218"}]}]}}
TpTrace Verbose: 0 : 52404, 12, 2025/02/28, 09:40:45.445, 12603424333414, vstest.console.dll, TestRunRequest:SendTestRunStatsChange: Starting.
TpTrace Verbose: 0 : 52404, 12, 2025/02/28, 09:40:45.445, 12603424335394, vstest.console.dll, InProgress is Basic_Locators
TpTrace Verbose: 0 : 52404, 12, 2025/02/28, 09:40:45.445, 12603424336849, vstest.console.dll, MulticastDelegateUtilities.SafeInvoke: TestRun.RunStatsChanged: Invoking callbacks was skipped because there are no subscribers.
TpTrace Information: 0 : 52404, 12, 2025/02/28, 09:40:45.445, 12603424337411, vstest.console.dll, TestRunRequest:SendTestRunStatsChange: Completed.
TpTrace Verbose: 0 : 52404, 12, 2025/02/28, 09:40:45.445, 12603424337949, vstest.console.dll, MulticastDelegateUtilities.SafeInvoke: LengthPrefixCommunicationChannel: MessageReceived: Invoking callback 1/1 for Microsoft.VisualStudio.TestPlatform.CommunicationUtilities.TestRequestSender+<>c__DisplayClass34_0., took 30 ms.
TpTrace Verbose: 0 : 52404, 12, 2025/02/28, 09:40:45.445, 12603424338601, vstest.console.dll, TcpClientExtensions.MessageLoopAsync: Polling on remoteEndPoint: 127.0.0.1:64982 localEndPoint: 127.0.0.1:64980 after 372 ms
TpTrace Verbose: 0 : 52404, 12, 2025/02/28, 09:40:45.861, 12603428493862, vstest.console.dll, TcpClientExtensions.MessageLoopAsync: NotifyDataAvailable remoteEndPoint: 127.0.0.1:64982 localEndPoint: 127.0.0.1:64980
TpTrace Verbose: 0 : 52404, 12, 2025/02/28, 09:40:45.861, 12603428495498, vstest.console.dll, TestRequestSender.OnExecutionMessageReceived: Received message: {"Version":7,"MessageType":"TestSession.Message","Payload":{"MessageLevel":0,"Message":"Setup() -   WebDriver\r\nVega\r\nrgba(255, 255, 255, 1)\r\nTearDown() -   WebDriver\r\n"}}
TpTrace Verbose: 0 : 52404, 12, 2025/02/28, 09:40:45.861, 12603428497323, vstest.console.dll, TestRunRequest:SendTestRunMessage: Starting.
TpTrace Verbose: 0 : 52404, 12, 2025/02/28, 09:40:45.861, 12603428498342, vstest.console.dll, MulticastDelegateUtilities.SafeInvoke: TestRun.LogMessages: Invoking callback 1/1 for Microsoft.VisualStudio.TestPlatform.CommandLine.TestRunResultAggregator., took 0 ms.
TpTrace Information: 0 : 52404, 12, 2025/02/28, 09:40:45.861, 12603428498886, vstest.console.dll, TestRunRequest:SendTestRunMessage: Completed.
TpTrace Verbose: 0 : 52404, 4, 2025/02/28, 09:40:45.861, 12603428499293, vstest.console.dll, MulticastDelegateUtilities.SafeInvoke: InternalTestLoggerEvents.SendTestRunMessage: Invoking callback 1/1 for Microsoft.VisualStudio.TestPlatform.CommandLine.Internal.ConsoleLogger., took 0 ms.
TpTrace Verbose: 0 : 52404, 12, 2025/02/28, 09:40:45.861, 12603428499403, vstest.console.dll, MulticastDelegateUtilities.SafeInvoke: LengthPrefixCommunicationChannel: MessageReceived: Invoking callback 1/1 for Microsoft.VisualStudio.TestPlatform.CommunicationUtilities.TestRequestSender+<>c__DisplayClass34_0., took 0 ms.
TpTrace Verbose: 0 : 52404, 12, 2025/02/28, 09:40:45.861, 12603428500809, vstest.console.dll, TcpClientExtensions.MessageLoopAsync: Polling on remoteEndPoint: 127.0.0.1:64982 localEndPoint: 127.0.0.1:64980 after 416 ms
TpTrace Verbose: 0 : 52404, 12, 2025/02/28, 09:40:46.869, 12603438580809, vstest.console.dll, TcpClientExtensions.MessageLoopAsync: Polling on remoteEndPoint: 127.0.0.1:64982 localEndPoint: 127.0.0.1:64980 after 1007 ms
TpTrace Verbose: 0 : 52404, 12, 2025/02/28, 09:40:46.926, 12603439147242, vstest.console.dll, TcpClientExtensions.MessageLoopAsync: NotifyDataAvailable remoteEndPoint: 127.0.0.1:64982 localEndPoint: 127.0.0.1:64980
TpTrace Verbose: 0 : 52404, 12, 2025/02/28, 09:40:46.926, 12603439150243, vstest.console.dll, TestRequestSender.OnExecutionMessageReceived: Received message: {"Version":7,"MessageType":"TestExecution.StatsChange","Payload":{"NewTestResults":[{"TestCase":{"Id":"943e2000-02b3-646a-ab91-28fb15fce9f1","FullyQualifiedName":"SeleniumWebDriverDemo.Locators.Basic_Locators","DisplayName":"Basic_Locators","ExecutorUri":"executor://NUnit3TestExecutor","Source":"C:\\Users\\Halfdone\\source\\repos\\SeleniumWebDriverDemo\\SeleniumWebDriverDemo\\bin\\Debug\\net8.0\\fine-code-coverage\\build-output\\SeleniumWebDriverDemo.dll","CodeFilePath":null,"LineNumber":0,"Properties":[{"Key":{"Id":"NUnit.Seed","Label":"Seed","Category":"","Description":"","Attributes":0,"ValueType":"System.String"},"Value":"1540135218"}]},"Attachments":[],"Outcome":1,"ErrorMessage":null,"ErrorStackTrace":null,"DisplayName":"Basic_Locators","Messages":[{"Category":"StdOutMsgs","Text":"Setup() -   WebDriver\r\nVega\r\nrgba(255, 255, 255, 1)\r\nTearDown() -   WebDriver\r\n"}],"ComputerName":"DESKTOP-D6G26CS","Duration":"00:00:01.7421340","StartTime":"2025-02-28T07:40:44.0948189+00:00","EndTime":"2025-02-28T07:40:45.8369234+00:00","Properties":[{"Key":{"Id":"NUnit.Seed","Label":"Seed","Category":"","Description":"","Attributes":0,"ValueType":"System.String"},"Value":"1540135218"}]}],"TestRunStatistics":{"ExecutedTests":1,"Stats":{"Passed":1}},"ActiveTests":[{"Id":"bdb0030c-2c6d-0c49-441a-9b86844e1674","FullyQualifiedName":"SeleniumWebDriverDemo.Locators.CSS_Selectors","DisplayName":"CSS_Selectors","ExecutorUri":"executor://NUnit3TestExecutor","Source":"C:\\Users\\Halfdone\\source\\repos\\SeleniumWebDriverDemo\\SeleniumWebDriverDemo\\bin\\Debug\\net8.0\\fine-code-coverage\\build-output\\SeleniumWebDriverDemo.dll","CodeFilePath":null,"LineNumber":0,"Properties":[{"Key":{"Id":"NUnit.Seed","Label":"Seed","Category":"","Description":"","Attributes":0,"ValueType":"System.String"},"Value":"402680263"}]}]}}
TpTrace Verbose: 0 : 52404, 12, 2025/02/28, 09:40:46.933, 12603439222176, vstest.console.dll, TestRunRequest:SendTestRunStatsChange: Starting.
TpTrace Verbose: 0 : 52404, 12, 2025/02/28, 09:40:46.934, 12603439223033, vstest.console.dll, InProgress is CSS_Selectors
TpTrace Verbose: 0 : 52404, 12, 2025/02/28, 09:40:46.934, 12603439224795, vstest.console.dll, MulticastDelegateUtilities.SafeInvoke: TestRun.RunStatsChanged: Invoking callbacks was skipped because there are no subscribers.
TpTrace Information: 0 : 52404, 12, 2025/02/28, 09:40:46.934, 12603439225328, vstest.console.dll, TestRunRequest:SendTestRunStatsChange: Completed.
TpTrace Verbose: 0 : 52404, 12, 2025/02/28, 09:40:46.934, 12603439225792, vstest.console.dll, MulticastDelegateUtilities.SafeInvoke: LengthPrefixCommunicationChannel: MessageReceived: Invoking callback 1/1 for Microsoft.VisualStudio.TestPlatform.CommunicationUtilities.TestRequestSender+<>c__DisplayClass34_0., took 7 ms.
TpTrace Verbose: 0 : 52404, 12, 2025/02/28, 09:40:46.934, 12603439226238, vstest.console.dll, TcpClientExtensions.MessageLoopAsync: Polling on remoteEndPoint: 127.0.0.1:64982 localEndPoint: 127.0.0.1:64980 after 64 ms
TpTrace Verbose: 0 : 52404, 4, 2025/02/28, 09:40:46.935, 12603439242262, vstest.console.dll, MulticastDelegateUtilities.SafeInvoke: InternalTestLoggerEvents.SendTestResult: Invoking callback 1/1 for Microsoft.VisualStudio.TestPlatform.CommandLine.Internal.ConsoleLogger., took 1 ms.
TpTrace Verbose: 0 : 52404, 12, 2025/02/28, 09:40:47.938, 12603449269351, vstest.console.dll, TcpClientExtensions.MessageLoopAsync: Polling on remoteEndPoint: 127.0.0.1:64982 localEndPoint: 127.0.0.1:64980 after 1004 ms
TpTrace Verbose: 0 : 52404, 12, 2025/02/28, 09:40:48.083, 12603450714890, vstest.console.dll, TcpClientExtensions.MessageLoopAsync: NotifyDataAvailable remoteEndPoint: 127.0.0.1:64982 localEndPoint: 127.0.0.1:64980
TpTrace Verbose: 0 : 52404, 12, 2025/02/28, 09:40:48.083, 12603450716647, vstest.console.dll, TestRequestSender.OnExecutionMessageReceived: Received message: {"Version":7,"MessageType":"TestSession.Message","Payload":{"MessageLevel":0,"Message":"Setup() -   WebDriver\r\nVincent\r\ninformation\r\nSubmit\r\nTearDown() -   WebDriver\r\n"}}
TpTrace Verbose: 0 : 52404, 12, 2025/02/28, 09:40:48.083, 12603450719558, vstest.console.dll, TestRunRequest:SendTestRunMessage: Starting.
TpTrace Verbose: 0 : 52404, 12, 2025/02/28, 09:40:48.083, 12603450720566, vstest.console.dll, MulticastDelegateUtilities.SafeInvoke: TestRun.LogMessages: Invoking callback 1/1 for Microsoft.VisualStudio.TestPlatform.CommandLine.TestRunResultAggregator., took 0 ms.
TpTrace Verbose: 0 : 52404, 4, 2025/02/28, 09:40:48.083, 12603450720775, vstest.console.dll, MulticastDelegateUtilities.SafeInvoke: InternalTestLoggerEvents.SendTestRunMessage: Invoking callback 1/1 for Microsoft.VisualStudio.TestPlatform.CommandLine.Internal.ConsoleLogger., took 0 ms.
TpTrace Information: 0 : 52404, 12, 2025/02/28, 09:40:48.083, 12603450721038, vstest.console.dll, TestRunRequest:SendTestRunMessage: Completed.
TpTrace Verbose: 0 : 52404, 12, 2025/02/28, 09:40:48.083, 12603450722096, vstest.console.dll, MulticastDelegateUtilities.SafeInvoke: LengthPrefixCommunicationChannel: MessageReceived: Invoking callback 1/1 for Microsoft.VisualStudio.TestPlatform.CommunicationUtilities.TestRequestSender+<>c__DisplayClass34_0., took 0 ms.
TpTrace Verbose: 0 : 52404, 12, 2025/02/28, 09:40:48.083, 12603450722412, vstest.console.dll, TcpClientExtensions.MessageLoopAsync: Polling on remoteEndPoint: 127.0.0.1:64982 localEndPoint: 127.0.0.1:64980 after 145 ms
TpTrace Verbose: 0 : 52404, 12, 2025/02/28, 09:40:48.431, 12603454199707, vstest.console.dll, TcpClientExtensions.MessageLoopAsync: NotifyDataAvailable remoteEndPoint: 127.0.0.1:64982 localEndPoint: 127.0.0.1:64980
TpTrace Verbose: 0 : 52404, 12, 2025/02/28, 09:40:48.431, 12603454201663, vstest.console.dll, TestRequestSender.OnExecutionMessageReceived: Received message: {"Version":7,"MessageType":"TestExecution.StatsChange","Payload":{"NewTestResults":[{"TestCase":{"Id":"bdb0030c-2c6d-0c49-441a-9b86844e1674","FullyQualifiedName":"SeleniumWebDriverDemo.Locators.CSS_Selectors","DisplayName":"CSS_Selectors","ExecutorUri":"executor://NUnit3TestExecutor","Source":"C:\\Users\\Halfdone\\source\\repos\\SeleniumWebDriverDemo\\SeleniumWebDriverDemo\\bin\\Debug\\net8.0\\fine-code-coverage\\build-output\\SeleniumWebDriverDemo.dll","CodeFilePath":null,"LineNumber":0,"Properties":[{"Key":{"Id":"NUnit.Seed","Label":"Seed","Category":"","Description":"","Attributes":0,"ValueType":"System.String"},"Value":"402680263"}]},"Attachments":[],"Outcome":1,"ErrorMessage":null,"ErrorStackTrace":null,"DisplayName":"CSS_Selectors","Messages":[{"Category":"StdOutMsgs","Text":"Setup() -   WebDriver\r\nVincent\r\ninformation\r\nSubmit\r\nTearDown() -   WebDriver\r\n"}],"ComputerName":"DESKTOP-D6G26CS","Duration":"00:00:02.2443330","StartTime":"2025-02-28T07:40:45.8380991+00:00","EndTime":"2025-02-28T07:40:48.0824866+00:00","Properties":[{"Key":{"Id":"NUnit.Seed","Label":"Seed","Category":"","Description":"","Attributes":0,"ValueType":"System.String"},"Value":"402680263"}]}],"TestRunStatistics":{"ExecutedTests":2,"Stats":{"Passed":2}},"ActiveTests":[{"Id":"f3ac7796-a7ba-c274-6c1d-b274af20b6b1","FullyQualifiedName":"SeleniumWebDriverDemo.Locators.Text_Link_locators","DisplayName":"Text_Link_locators","ExecutorUri":"executor://NUnit3TestExecutor","Source":"C:\\Users\\Halfdone\\source\\repos\\SeleniumWebDriverDemo\\SeleniumWebDriverDemo\\bin\\Debug\\net8.0\\fine-code-coverage\\build-output\\SeleniumWebDriverDemo.dll","CodeFilePath":null,"LineNumber":0,"Properties":[{"Key":{"Id":"NUnit.Seed","Label":"Seed","Category":"","Description":"","Attributes":0,"ValueType":"System.String"},"Value":"24537108"}]}]}}
TpTrace Verbose: 0 : 52404, 12, 2025/02/28, 09:40:48.433, 12603454212470, vstest.console.dll, TestRunRequest:SendTestRunStatsChange: Starting.
TpTrace Verbose: 0 : 52404, 12, 2025/02/28, 09:40:48.433, 12603454213498, vstest.console.dll, InProgress is Text_Link_locators
TpTrace Verbose: 0 : 52404, 12, 2025/02/28, 09:40:48.433, 12603454214259, vstest.console.dll, MulticastDelegateUtilities.SafeInvoke: TestRun.RunStatsChanged: Invoking callbacks was skipped because there are no subscribers.
TpTrace Information: 0 : 52404, 12, 2025/02/28, 09:40:48.433, 12603454214641, vstest.console.dll, TestRunRequest:SendTestRunStatsChange: Completed.
TpTrace Verbose: 0 : 52404, 12, 2025/02/28, 09:40:48.433, 12603454215000, vstest.console.dll, MulticastDelegateUtilities.SafeInvoke: LengthPrefixCommunicationChannel: MessageReceived: Invoking callback 1/1 for Microsoft.VisualStudio.TestPlatform.CommunicationUtilities.TestRequestSender+<>c__DisplayClass34_0., took 1 ms.
TpTrace Verbose: 0 : 52404, 12, 2025/02/28, 09:40:48.433, 12603454215362, vstest.console.dll, TcpClientExtensions.MessageLoopAsync: Polling on remoteEndPoint: 127.0.0.1:64982 localEndPoint: 127.0.0.1:64980 after 349 ms
TpTrace Verbose: 0 : 52404, 4, 2025/02/28, 09:40:48.433, 12603454217972, vstest.console.dll, MulticastDelegateUtilities.SafeInvoke: InternalTestLoggerEvents.SendTestResult: Invoking callback 1/1 for Microsoft.VisualStudio.TestPlatform.CommandLine.Internal.ConsoleLogger., took 0 ms.
TpTrace Verbose: 0 : 52404, 12, 2025/02/28, 09:40:49.436, 12603464248084, vstest.console.dll, TcpClientExtensions.MessageLoopAsync: Polling on remoteEndPoint: 127.0.0.1:64982 localEndPoint: 127.0.0.1:64980 after 1003 ms
TpTrace Verbose: 0 : 52404, 12, 2025/02/28, 09:40:49.935, 12603469235088, vstest.console.dll, TcpClientExtensions.MessageLoopAsync: NotifyDataAvailable remoteEndPoint: 127.0.0.1:64982 localEndPoint: 127.0.0.1:64980
TpTrace Verbose: 0 : 52404, 12, 2025/02/28, 09:40:49.935, 12603469236253, vstest.console.dll, TestRequestSender.OnExecutionMessageReceived: Received message: {"Version":7,"MessageType":"TestSession.Message","Payload":{"MessageLevel":0,"Message":"Setup() -   WebDriver\r\nhttp://www.softuni.bg/\r\nhttp://www.softuni.bg/\r\nTearDown() -   WebDriver\r\n"}}
TpTrace Verbose: 0 : 52404, 12, 2025/02/28, 09:40:49.935, 12603469237183, vstest.console.dll, TestRunRequest:SendTestRunMessage: Starting.
TpTrace Verbose: 0 : 52404, 12, 2025/02/28, 09:40:49.935, 12603469237714, vstest.console.dll, MulticastDelegateUtilities.SafeInvoke: TestRun.LogMessages: Invoking callback 1/1 for Microsoft.VisualStudio.TestPlatform.CommandLine.TestRunResultAggregator., took 0 ms.
TpTrace Information: 0 : 52404, 12, 2025/02/28, 09:40:49.935, 12603469238050, vstest.console.dll, TestRunRequest:SendTestRunMessage: Completed.
TpTrace Verbose: 0 : 52404, 4, 2025/02/28, 09:40:49.935, 12603469238041, vstest.console.dll, MulticastDelegateUtilities.SafeInvoke: InternalTestLoggerEvents.SendTestRunMessage: Invoking callback 1/1 for Microsoft.VisualStudio.TestPlatform.CommandLine.Internal.ConsoleLogger., took 0 ms.
TpTrace Verbose: 0 : 52404, 12, 2025/02/28, 09:40:49.935, 12603469238512, vstest.console.dll, MulticastDelegateUtilities.SafeInvoke: LengthPrefixCommunicationChannel: MessageReceived: Invoking callback 1/1 for Microsoft.VisualStudio.TestPlatform.CommunicationUtilities.TestRequestSender+<>c__DisplayClass34_0., took 0 ms.
TpTrace Verbose: 0 : 52404, 12, 2025/02/28, 09:40:49.935, 12603469239382, vstest.console.dll, TcpClientExtensions.MessageLoopAsync: Polling on remoteEndPoint: 127.0.0.1:64982 localEndPoint: 127.0.0.1:64980 after 498 ms
TpTrace Verbose: 0 : 52404, 12, 2025/02/28, 09:40:49.953, 12603469412544, vstest.console.dll, TcpClientExtensions.MessageLoopAsync: NotifyDataAvailable remoteEndPoint: 127.0.0.1:64982 localEndPoint: 127.0.0.1:64980
TpTrace Verbose: 0 : 52404, 12, 2025/02/28, 09:40:49.953, 12603469414286, vstest.console.dll, TestRequestSender.OnExecutionMessageReceived: Received message: {"Version":7,"MessageType":"TestExecution.StatsChange","Payload":{"NewTestResults":[{"TestCase":{"Id":"f3ac7796-a7ba-c274-6c1d-b274af20b6b1","FullyQualifiedName":"SeleniumWebDriverDemo.Locators.Text_Link_locators","DisplayName":"Text_Link_locators","ExecutorUri":"executor://NUnit3TestExecutor","Source":"C:\\Users\\Halfdone\\source\\repos\\SeleniumWebDriverDemo\\SeleniumWebDriverDemo\\bin\\Debug\\net8.0\\fine-code-coverage\\build-output\\SeleniumWebDriverDemo.dll","CodeFilePath":null,"LineNumber":0,"Properties":[{"Key":{"Id":"NUnit.Seed","Label":"Seed","Category":"","Description":"","Attributes":0,"ValueType":"System.String"},"Value":"24537108"}]},"Attachments":[],"Outcome":1,"ErrorMessage":null,"ErrorStackTrace":null,"DisplayName":"Text_Link_locators","Messages":[{"Category":"StdOutMsgs","Text":"Setup() -   WebDriver\r\nhttp://www.softuni.bg/\r\nhttp://www.softuni.bg/\r\nTearDown() -   WebDriver\r\n"}],"ComputerName":"DESKTOP-D6G26CS","Duration":"00:00:01.8519490","StartTime":"2025-02-28T07:40:48.0825657+00:00","EndTime":"2025-02-28T07:40:49.9345598+00:00","Properties":[{"Key":{"Id":"NUnit.Seed","Label":"Seed","Category":"","Description":"","Attributes":0,"ValueType":"System.String"},"Value":"24537108"}]},{"TestCase":{"Id":"81a70821-455a-072f-6605-1d2e90b1c8cc","FullyQualifiedName":"SeleniumWebDriverDemo.Locators.Xpath_Locators","DisplayName":"Xpath_Locators","ExecutorUri":"executor://NUnit3TestExecutor","Source":"C:\\Users\\Halfdone\\source\\repos\\SeleniumWebDriverDemo\\SeleniumWebDriverDemo\\bin\\Debug\\net8.0\\fine-code-coverage\\build-output\\SeleniumWebDriverDemo.dll","CodeFilePath":null,"LineNumber":0,"Properties":[{"Key":{"Id":"NUnit.Explicit","Label":"Explicit","Category":"","Description":"","Attributes":1,"ValueType":"System.Boolean"},"Value":true},{"Key":{"Id":"NUnit.Seed","Label":"Seed","Category":"","Description":"","Attributes":0,"ValueType":"System.String"},"Value":"790326576"},{"Key":{"Id":"TestObject.Traits","Label":"Traits","Category":"","Description":"","Attributes":5,"ValueType":"System.Collections.Generic.KeyValuePair`2[[System.String],[System.String]][]"},"Value":[{"Key":"Explicit","Value":""}]}]},"Attachments":[],"Outcome":0,"ErrorMessage":null,"ErrorStackTrace":null,"DisplayName":"Xpath_Locators","Messages":[{"Category":"StdOutMsgs","Text":null}],"ComputerName":"DESKTOP-D6G26CS","Duration":"00:00:00.0003770","StartTime":"2025-02-28T07:40:49.9346057+00:00","EndTime":"2025-02-28T07:40:49.9349823+00:00","Properties":[{"Key":{"Id":"NUnit.Seed","Label":"Seed","Category":"","Description":"","Attributes":0,"ValueType":"System.String"},"Value":"790326576"}]}],"TestRunStatistics":{"ExecutedTests":4,"Stats":{"Passed":3,"None":1}},"ActiveTests":[{"Id":"f3b409cc-f396-b48b-26a6-9598d8d27f5a","FullyQualifiedName":"SeleniumWebDriverDemo.Nakov.Test2","DisplayName":"Test2","ExecutorUri":"executor://NUnit3TestExecutor","Source":"C:\\Users\\Halfdone\\source\\repos\\SeleniumWebDriverDemo\\SeleniumWebDriverDemo\\bin\\Debug\\net8.0\\fine-code-coverage\\build-output\\SeleniumWebDriverDemo.dll","CodeFilePath":null,"LineNumber":0,"Properties":[{"Key":{"Id":"NUnit.Seed","Label":"Seed","Category":"","Description":"","Attributes":0,"ValueType":"System.String"},"Value":"1861073677"}]}]}}
TpTrace Verbose: 0 : 52404, 12, 2025/02/28, 09:40:49.981, 12603469692849, vstest.console.dll, TestRunRequest:SendTestRunStatsChange: Starting.
TpTrace Verbose: 0 : 52404, 12, 2025/02/28, 09:40:49.981, 12603469693693, vstest.console.dll, InProgress is Test2
TpTrace Verbose: 0 : 52404, 12, 2025/02/28, 09:40:49.981, 12603469694168, vstest.console.dll, MulticastDelegateUtilities.SafeInvoke: TestRun.RunStatsChanged: Invoking callbacks was skipped because there are no subscribers.
TpTrace Information: 0 : 52404, 12, 2025/02/28, 09:40:49.981, 12603469694408, vstest.console.dll, TestRunRequest:SendTestRunStatsChange: Completed.
TpTrace Verbose: 0 : 52404, 12, 2025/02/28, 09:40:49.981, 12603469696756, vstest.console.dll, MulticastDelegateUtilities.SafeInvoke: LengthPrefixCommunicationChannel: MessageReceived: Invoking callback 1/1 for Microsoft.VisualStudio.TestPlatform.CommunicationUtilities.TestRequestSender+<>c__DisplayClass34_0., took 28 ms.
TpTrace Verbose: 0 : 52404, 4, 2025/02/28, 09:40:49.981, 12603469696775, vstest.console.dll, MulticastDelegateUtilities.SafeInvoke: InternalTestLoggerEvents.SendTestResult: Invoking callback 1/1 for Microsoft.VisualStudio.TestPlatform.CommandLine.Internal.ConsoleLogger., took 0 ms.
TpTrace Verbose: 0 : 52404, 12, 2025/02/28, 09:40:49.981, 12603469697229, vstest.console.dll, TcpClientExtensions.MessageLoopAsync: Polling on remoteEndPoint: 127.0.0.1:64982 localEndPoint: 127.0.0.1:64980 after 45 ms
TpTrace Verbose: 0 : 52404, 4, 2025/02/28, 09:40:49.981, 12603469699362, vstest.console.dll, MulticastDelegateUtilities.SafeInvoke: InternalTestLoggerEvents.SendTestResult: Invoking callback 1/1 for Microsoft.VisualStudio.TestPlatform.CommandLine.Internal.ConsoleLogger., took 0 ms.
TpTrace Verbose: 0 : 52404, 12, 2025/02/28, 09:40:50.994, 12603479828514, vstest.console.dll, TcpClientExtensions.MessageLoopAsync: Polling on remoteEndPoint: 127.0.0.1:64982 localEndPoint: 127.0.0.1:64980 after 1013 ms
TpTrace Verbose: 0 : 52404, 12, 2025/02/28, 09:40:51.994, 12603489831146, vstest.console.dll, TcpClientExtensions.MessageLoopAsync: Polling on remoteEndPoint: 127.0.0.1:64982 localEndPoint: 127.0.0.1:64980 after 1000 ms
TpTrace Verbose: 0 : 52404, 12, 2025/02/28, 09:40:53.004, 12603499923630, vstest.console.dll, TcpClientExtensions.MessageLoopAsync: Polling on remoteEndPoint: 127.0.0.1:64982 localEndPoint: 127.0.0.1:64980 after 1009 ms
TpTrace Verbose: 0 : 52404, 12, 2025/02/28, 09:40:53.574, 12603505625632, vstest.console.dll, TcpClientExtensions.MessageLoopAsync: NotifyDataAvailable remoteEndPoint: 127.0.0.1:64982 localEndPoint: 127.0.0.1:64980
TpTrace Verbose: 0 : 52404, 12, 2025/02/28, 09:40:53.574, 12603505626978, vstest.console.dll, TestRequestSender.OnExecutionMessageReceived: Received message: {"Version":7,"MessageType":"TestSession.Message","Payload":{"MessageLevel":0,"Message":"smoothScroll\r\nSearch this site\r\n"}}
TpTrace Verbose: 0 : 52404, 12, 2025/02/28, 09:40:53.574, 12603505628579, vstest.console.dll, TestRunRequest:SendTestRunMessage: Starting.
TpTrace Verbose: 0 : 52404, 12, 2025/02/28, 09:40:53.574, 12603505629349, vstest.console.dll, MulticastDelegateUtilities.SafeInvoke: TestRun.LogMessages: Invoking callback 1/1 for Microsoft.VisualStudio.TestPlatform.CommandLine.TestRunResultAggregator., took 0 ms.
TpTrace Verbose: 0 : 52404, 4, 2025/02/28, 09:40:53.574, 12603505629612, vstest.console.dll, MulticastDelegateUtilities.SafeInvoke: InternalTestLoggerEvents.SendTestRunMessage: Invoking callback 1/1 for Microsoft.VisualStudio.TestPlatform.CommandLine.Internal.ConsoleLogger., took 0 ms.
TpTrace Information: 0 : 52404, 12, 2025/02/28, 09:40:53.574, 12603505629700, vstest.console.dll, TestRunRequest:SendTestRunMessage: Completed.
TpTrace Verbose: 0 : 52404, 12, 2025/02/28, 09:40:53.574, 12603505630716, vstest.console.dll, MulticastDelegateUtilities.SafeInvoke: LengthPrefixCommunicationChannel: MessageReceived: Invoking callback 1/1 for Microsoft.VisualStudio.TestPlatform.CommunicationUtilities.TestRequestSender+<>c__DisplayClass34_0., took 0 ms.
TpTrace Verbose: 0 : 52404, 12, 2025/02/28, 09:40:53.575, 12603505631290, vstest.console.dll, TcpClientExtensions.MessageLoopAsync: Polling on remoteEndPoint: 127.0.0.1:64982 localEndPoint: 127.0.0.1:64980 after 570 ms
TpTrace Verbose: 0 : 52404, 12, 2025/02/28, 09:40:53.577, 12603505652482, vstest.console.dll, TcpClientExtensions.MessageLoopAsync: NotifyDataAvailable remoteEndPoint: 127.0.0.1:64982 localEndPoint: 127.0.0.1:64980
TpTrace Verbose: 0 : 52404, 12, 2025/02/28, 09:40:53.577, 12603505654236, vstest.console.dll, TestRequestSender.OnExecutionMessageReceived: Received message: {"Version":7,"MessageType":"TestExecution.StatsChange","Payload":{"NewTestResults":[{"TestCase":{"Id":"f3b409cc-f396-b48b-26a6-9598d8d27f5a","FullyQualifiedName":"SeleniumWebDriverDemo.Nakov.Test2","DisplayName":"Test2","ExecutorUri":"executor://NUnit3TestExecutor","Source":"C:\\Users\\Halfdone\\source\\repos\\SeleniumWebDriverDemo\\SeleniumWebDriverDemo\\bin\\Debug\\net8.0\\fine-code-coverage\\build-output\\SeleniumWebDriverDemo.dll","CodeFilePath":null,"LineNumber":0,"Properties":[{"Key":{"Id":"NUnit.Seed","Label":"Seed","Category":"","Description":"","Attributes":0,"ValueType":"System.String"},"Value":"1861073677"}]},"Attachments":[],"Outcome":1,"ErrorMessage":null,"ErrorStackTrace":null,"DisplayName":"Test2","Messages":[{"Category":"StdOutMsgs","Text":"smoothScroll\r\nSearch this site\r\n"}],"ComputerName":"DESKTOP-D6G26CS","Duration":"00:00:03.6362350","StartTime":"2025-02-28T07:40:49.9374987+00:00","EndTime":"2025-02-28T07:40:53.5738224+00:00","Properties":[{"Key":{"Id":"NUnit.Seed","Label":"Seed","Category":"","Description":"","Attributes":0,"ValueType":"System.String"},"Value":"1861073677"}]}],"TestRunStatistics":{"ExecutedTests":5,"Stats":{"Passed":4,"None":1}},"ActiveTests":[{"Id":"d88f59f7-fd1e-2d54-42be-f36289485616","FullyQualifiedName":"SeleniumWebDriverDemo.Test_Form_Submission.TestFormSubmission","DisplayName":"TestFormSubmission","ExecutorUri":"executor://NUnit3TestExecutor","Source":"C:\\Users\\Halfdone\\source\\repos\\SeleniumWebDriverDemo\\SeleniumWebDriverDemo\\bin\\Debug\\net8.0\\fine-code-coverage\\build-output\\SeleniumWebDriverDemo.dll","CodeFilePath":null,"LineNumber":0,"Properties":[{"Key":{"Id":"NUnit.Seed","Label":"Seed","Category":"","Description":"","Attributes":0,"ValueType":"System.String"},"Value":"1208840614"}]}]}}
TpTrace Verbose: 0 : 52404, 12, 2025/02/28, 09:40:53.577, 12603505659503, vstest.console.dll, TestRunRequest:SendTestRunStatsChange: Starting.
TpTrace Verbose: 0 : 52404, 12, 2025/02/28, 09:40:53.577, 12603505660244, vstest.console.dll, InProgress is TestFormSubmission
TpTrace Verbose: 0 : 52404, 12, 2025/02/28, 09:40:53.577, 12603505660819, vstest.console.dll, MulticastDelegateUtilities.SafeInvoke: TestRun.RunStatsChanged: Invoking callbacks was skipped because there are no subscribers.
TpTrace Information: 0 : 52404, 12, 2025/02/28, 09:40:53.578, 12603505661156, vstest.console.dll, TestRunRequest:SendTestRunStatsChange: Completed.
TpTrace Verbose: 0 : 52404, 12, 2025/02/28, 09:40:53.578, 12603505661481, vstest.console.dll, MulticastDelegateUtilities.SafeInvoke: LengthPrefixCommunicationChannel: MessageReceived: Invoking callback 1/1 for Microsoft.VisualStudio.TestPlatform.CommunicationUtilities.TestRequestSender+<>c__DisplayClass34_0., took 0 ms.
TpTrace Verbose: 0 : 52404, 4, 2025/02/28, 09:40:53.578, 12603505661570, vstest.console.dll, MulticastDelegateUtilities.SafeInvoke: InternalTestLoggerEvents.SendTestResult: Invoking callback 1/1 for Microsoft.VisualStudio.TestPlatform.CommandLine.Internal.ConsoleLogger., took 0 ms.
TpTrace Verbose: 0 : 52404, 12, 2025/02/28, 09:40:53.578, 12603505662000, vstest.console.dll, TcpClientExtensions.MessageLoopAsync: Polling on remoteEndPoint: 127.0.0.1:64982 localEndPoint: 127.0.0.1:64980 after 3 ms
TpTrace Verbose: 0 : 52404, 12, 2025/02/28, 09:40:54.584, 12603515724903, vstest.console.dll, TcpClientExtensions.MessageLoopAsync: Polling on remoteEndPoint: 127.0.0.1:64982 localEndPoint: 127.0.0.1:64980 after 1006 ms
TpTrace Verbose: 0 : 52404, 12, 2025/02/28, 09:40:55.586, 12603525749227, vstest.console.dll, TcpClientExtensions.MessageLoopAsync: Polling on remoteEndPoint: 127.0.0.1:64982 localEndPoint: 127.0.0.1:64980 after 1002 ms
TpTrace Verbose: 0 : 52404, 12, 2025/02/28, 09:40:56.111, 12603530991500, vstest.console.dll, TcpClientExtensions.MessageLoopAsync: NotifyDataAvailable remoteEndPoint: 127.0.0.1:64982 localEndPoint: 127.0.0.1:64980
TpTrace Verbose: 0 : 52404, 12, 2025/02/28, 09:40:56.111, 12603530992992, vstest.console.dll, TestRequestSender.OnExecutionMessageReceived: Received message: {"Version":7,"MessageType":"TestSession.Message","Payload":{"MessageLevel":0,"Message":"Butch\r\nCoolidge\r\n0888999777\r\n"}}
TpTrace Verbose: 0 : 52404, 12, 2025/02/28, 09:40:56.111, 12603530994160, vstest.console.dll, TestRunRequest:SendTestRunMessage: Starting.
TpTrace Verbose: 0 : 52404, 12, 2025/02/28, 09:40:56.111, 12603530995031, vstest.console.dll, MulticastDelegateUtilities.SafeInvoke: TestRun.LogMessages: Invoking callback 1/1 for Microsoft.VisualStudio.TestPlatform.CommandLine.TestRunResultAggregator., took 0 ms.
TpTrace Verbose: 0 : 52404, 4, 2025/02/28, 09:40:56.111, 12603530995411, vstest.console.dll, MulticastDelegateUtilities.SafeInvoke: InternalTestLoggerEvents.SendTestRunMessage: Invoking callback 1/1 for Microsoft.VisualStudio.TestPlatform.CommandLine.Internal.ConsoleLogger., took 0 ms.
TpTrace Information: 0 : 52404, 12, 2025/02/28, 09:40:56.111, 12603530996039, vstest.console.dll, TestRunRequest:SendTestRunMessage: Completed.
TpTrace Verbose: 0 : 52404, 12, 2025/02/28, 09:40:56.111, 12603530997059, vstest.console.dll, MulticastDelegateUtilities.SafeInvoke: LengthPrefixCommunicationChannel: MessageReceived: Invoking callback 1/1 for Microsoft.VisualStudio.TestPlatform.CommunicationUtilities.TestRequestSender+<>c__DisplayClass34_0., took 0 ms.
TpTrace Verbose: 0 : 52404, 12, 2025/02/28, 09:40:56.111, 12603530997500, vstest.console.dll, TcpClientExtensions.MessageLoopAsync: Polling on remoteEndPoint: 127.0.0.1:64982 localEndPoint: 127.0.0.1:64980 after 524 ms
TpTrace Verbose: 0 : 52404, 12, 2025/02/28, 09:40:56.113, 12603531014879, vstest.console.dll, TcpClientExtensions.MessageLoopAsync: NotifyDataAvailable remoteEndPoint: 127.0.0.1:64982 localEndPoint: 127.0.0.1:64980
TpTrace Verbose: 0 : 52404, 12, 2025/02/28, 09:40:56.113, 12603531016386, vstest.console.dll, TestRequestSender.OnExecutionMessageReceived: Received message: {"Version":7,"MessageType":"TestExecution.StatsChange","Payload":{"NewTestResults":[{"TestCase":{"Id":"d88f59f7-fd1e-2d54-42be-f36289485616","FullyQualifiedName":"SeleniumWebDriverDemo.Test_Form_Submission.TestFormSubmission","DisplayName":"TestFormSubmission","ExecutorUri":"executor://NUnit3TestExecutor","Source":"C:\\Users\\Halfdone\\source\\repos\\SeleniumWebDriverDemo\\SeleniumWebDriverDemo\\bin\\Debug\\net8.0\\fine-code-coverage\\build-output\\SeleniumWebDriverDemo.dll","CodeFilePath":null,"LineNumber":0,"Properties":[{"Key":{"Id":"NUnit.Seed","Label":"Seed","Category":"","Description":"","Attributes":0,"ValueType":"System.String"},"Value":"1208840614"}]},"Attachments":[],"Outcome":1,"ErrorMessage":null,"ErrorStackTrace":null,"DisplayName":"TestFormSubmission","Messages":[{"Category":"StdOutMsgs","Text":"Butch\r\nCoolidge\r\n0888999777\r\n"}],"ComputerName":"DESKTOP-D6G26CS","Duration":"00:00:02.5363130","StartTime":"2025-02-28T07:40:53.5742013+00:00","EndTime":"2025-02-28T07:40:56.1105756+00:00","Properties":[{"Key":{"Id":"NUnit.Seed","Label":"Seed","Category":"","Description":"","Attributes":0,"ValueType":"System.String"},"Value":"1208840614"}]}],"TestRunStatistics":{"ExecutedTests":6,"Stats":{"Passed":5,"None":1}},"ActiveTests":[{"Id":"a2d6ad06-54b8-03ff-d32d-09940f6e6da3","FullyQualifiedName":"SeleniumWebDriverDemo.Wikipedia.Quality_Assurance_Search","DisplayName":"Quality_Assurance_Search","ExecutorUri":"executor://NUnit3TestExecutor","Source":"C:\\Users\\Halfdone\\source\\repos\\SeleniumWebDriverDemo\\SeleniumWebDriverDemo\\bin\\Debug\\net8.0\\fine-code-coverage\\build-output\\SeleniumWebDriverDemo.dll","CodeFilePath":null,"LineNumber":0,"Properties":[{"Key":{"Id":"NUnit.Seed","Label":"Seed","Category":"","Description":"","Attributes":0,"ValueType":"System.String"},"Value":"2040779762"}]}]}}
TpTrace Verbose: 0 : 52404, 12, 2025/02/28, 09:40:56.114, 12603531021261, vstest.console.dll, TestRunRequest:SendTestRunStatsChange: Starting.
TpTrace Verbose: 0 : 52404, 12, 2025/02/28, 09:40:56.114, 12603531021931, vstest.console.dll, InProgress is Quality_Assurance_Search
TpTrace Verbose: 0 : 52404, 12, 2025/02/28, 09:40:56.114, 12603531022499, vstest.console.dll, MulticastDelegateUtilities.SafeInvoke: TestRun.RunStatsChanged: Invoking callbacks was skipped because there are no subscribers.
TpTrace Information: 0 : 52404, 12, 2025/02/28, 09:40:56.114, 12603531022898, vstest.console.dll, TestRunRequest:SendTestRunStatsChange: Completed.
TpTrace Verbose: 0 : 52404, 12, 2025/02/28, 09:40:56.114, 12603531023269, vstest.console.dll, MulticastDelegateUtilities.SafeInvoke: LengthPrefixCommunicationChannel: MessageReceived: Invoking callback 1/1 for Microsoft.VisualStudio.TestPlatform.CommunicationUtilities.TestRequestSender+<>c__DisplayClass34_0., took 0 ms.
TpTrace Verbose: 0 : 52404, 4, 2025/02/28, 09:40:56.114, 12603531023265, vstest.console.dll, MulticastDelegateUtilities.SafeInvoke: InternalTestLoggerEvents.SendTestResult: Invoking callback 1/1 for Microsoft.VisualStudio.TestPlatform.CommandLine.Internal.ConsoleLogger., took 0 ms.
TpTrace Verbose: 0 : 52404, 12, 2025/02/28, 09:40:56.114, 12603531023755, vstest.console.dll, TcpClientExtensions.MessageLoopAsync: Polling on remoteEndPoint: 127.0.0.1:64982 localEndPoint: 127.0.0.1:64980 after 2 ms
TpTrace Verbose: 0 : 52404, 12, 2025/02/28, 09:40:57.125, 12603541132509, vstest.console.dll, TcpClientExtensions.MessageLoopAsync: Polling on remoteEndPoint: 127.0.0.1:64982 localEndPoint: 127.0.0.1:64980 after 1010 ms
TpTrace Verbose: 0 : 52404, 12, 2025/02/28, 09:40:58.125, 12603551136750, vstest.console.dll, TcpClientExtensions.MessageLoopAsync: Polling on remoteEndPoint: 127.0.0.1:64982 localEndPoint: 127.0.0.1:64980 after 1000 ms
TpTrace Verbose: 0 : 52404, 12, 2025/02/28, 09:40:59.135, 12603561237335, vstest.console.dll, TcpClientExtensions.MessageLoopAsync: Polling on remoteEndPoint: 127.0.0.1:64982 localEndPoint: 127.0.0.1:64980 after 1009 ms
TpTrace Verbose: 0 : 52404, 12, 2025/02/28, 09:40:59.737, 12603567254008, vstest.console.dll, TcpClientExtensions.MessageLoopAsync: NotifyDataAvailable remoteEndPoint: 127.0.0.1:64982 localEndPoint: 127.0.0.1:64980
TpTrace Verbose: 0 : 52404, 12, 2025/02/28, 09:40:59.737, 12603567255210, vstest.console.dll, TestRequestSender.OnExecutionMessageReceived: Received message: {"Version":7,"MessageType":"TestSession.Message","Payload":{"MessageLevel":0,"Message":"Page name: Wikipedia\r\nPage QA name: Quality assurance - Wikipedia\r\n"}}
TpTrace Verbose: 0 : 52404, 12, 2025/02/28, 09:40:59.737, 12603567256022, vstest.console.dll, TestRunRequest:SendTestRunMessage: Starting.
TpTrace Verbose: 0 : 52404, 12, 2025/02/28, 09:40:59.737, 12603567256604, vstest.console.dll, MulticastDelegateUtilities.SafeInvoke: TestRun.LogMessages: Invoking callback 1/1 for Microsoft.VisualStudio.TestPlatform.CommandLine.TestRunResultAggregator., took 0 ms.
TpTrace Information: 0 : 52404, 12, 2025/02/28, 09:40:59.737, 12603567256980, vstest.console.dll, TestRunRequest:SendTestRunMessage: Completed.
TpTrace Verbose: 0 : 52404, 4, 2025/02/28, 09:40:59.737, 12603567256892, vstest.console.dll, MulticastDelegateUtilities.SafeInvoke: InternalTestLoggerEvents.SendTestRunMessage: Invoking callback 1/1 for Microsoft.VisualStudio.TestPlatform.CommandLine.Internal.ConsoleLogger., took 0 ms.
TpTrace Verbose: 0 : 52404, 12, 2025/02/28, 09:40:59.737, 12603567257363, vstest.console.dll, MulticastDelegateUtilities.SafeInvoke: LengthPrefixCommunicationChannel: MessageReceived: Invoking callback 1/1 for Microsoft.VisualStudio.TestPlatform.CommunicationUtilities.TestRequestSender+<>c__DisplayClass34_0., took 0 ms.
TpTrace Verbose: 0 : 52404, 12, 2025/02/28, 09:40:59.737, 12603567259079, vstest.console.dll, TcpClientExtensions.MessageLoopAsync: Polling on remoteEndPoint: 127.0.0.1:64982 localEndPoint: 127.0.0.1:64980 after 602 ms
TpTrace Verbose: 0 : 52404, 12, 2025/02/28, 09:40:59.744, 12603567328027, vstest.console.dll, TcpClientExtensions.MessageLoopAsync: NotifyDataAvailable remoteEndPoint: 127.0.0.1:64982 localEndPoint: 127.0.0.1:64980
TpTrace Verbose: 0 : 52404, 12, 2025/02/28, 09:40:59.744, 12603567329017, vstest.console.dll, TestRequestSender.OnExecutionMessageReceived: Received message: {"Version":7,"MessageType":"TestSession.Message","Payload":{"MessageLevel":0,"Message":"NUnit Adapter 5.0.0.0: Test execution complete"}}
TpTrace Verbose: 0 : 52404, 12, 2025/02/28, 09:40:59.745, 12603567329805, vstest.console.dll, TestRunRequest:SendTestRunMessage: Starting.
TpTrace Verbose: 0 : 52404, 12, 2025/02/28, 09:40:59.745, 12603567330363, vstest.console.dll, MulticastDelegateUtilities.SafeInvoke: TestRun.LogMessages: Invoking callback 1/1 for Microsoft.VisualStudio.TestPlatform.CommandLine.TestRunResultAggregator., took 0 ms.
TpTrace Verbose: 0 : 52404, 4, 2025/02/28, 09:40:59.745, 12603567330634, vstest.console.dll, MulticastDelegateUtilities.SafeInvoke: InternalTestLoggerEvents.SendTestRunMessage: Invoking callback 1/1 for Microsoft.VisualStudio.TestPlatform.CommandLine.Internal.ConsoleLogger., took 0 ms.
TpTrace Information: 0 : 52404, 12, 2025/02/28, 09:40:59.745, 12603567330701, vstest.console.dll, TestRunRequest:SendTestRunMessage: Completed.
TpTrace Verbose: 0 : 52404, 12, 2025/02/28, 09:40:59.745, 12603567331535, vstest.console.dll, MulticastDelegateUtilities.SafeInvoke: LengthPrefixCommunicationChannel: MessageReceived: Invoking callback 1/1 for Microsoft.VisualStudio.TestPlatform.CommunicationUtilities.TestRequestSender+<>c__DisplayClass34_0., took 0 ms.
TpTrace Verbose: 0 : 52404, 12, 2025/02/28, 09:40:59.745, 12603567331782, vstest.console.dll, TcpClientExtensions.MessageLoopAsync: Polling on remoteEndPoint: 127.0.0.1:64982 localEndPoint: 127.0.0.1:64980 after 7 ms
TpTrace Verbose: 0 : 52404, 12, 2025/02/28, 09:40:59.760, 12603567484679, vstest.console.dll, TcpClientExtensions.MessageLoopAsync: NotifyDataAvailable remoteEndPoint: 127.0.0.1:64982 localEndPoint: 127.0.0.1:64980
TpTrace Verbose: 0 : 52404, 12, 2025/02/28, 09:40:59.760, 12603567486033, vstest.console.dll, TestRequestSender.OnExecutionMessageReceived: Received message: {"Version":7,"MessageType":"TestExecution.Completed","Payload":{"TestRunCompleteArgs":{"TestRunStatistics":{"ExecutedTests":7,"Stats":{"Passed":6,"None":1}},"IsCanceled":false,"IsAborted":false,"Error":null,"AttachmentSets":[],"InvokedDataCollectors":[],"ElapsedTimeInRunningTests":"00:00:15.8341285","Metrics":{},"DiscoveredExtensions":{"TestDiscoverers":["NUnit.VisualStudio.TestAdapter.NUnit3TestDiscoverer, NUnit3.TestAdapter, Version=5.0.0.0, Culture=neutral, PublicKeyToken=4cb40d35494691ac"],"TestExecutors":["executor://NUnit3TestExecutor"],"TestExecutors2":[],"TestSettingsProviders":[]}},"LastRunTests":{"NewTestResults":[{"TestCase":{"Id":"a2d6ad06-54b8-03ff-d32d-09940f6e6da3","FullyQualifiedName":"SeleniumWebDriverDemo.Wikipedia.Quality_Assurance_Search","DisplayName":"Quality_Assurance_Search","ExecutorUri":"executor://NUnit3TestExecutor","Source":"C:\\Users\\Halfdone\\source\\repos\\SeleniumWebDriverDemo\\SeleniumWebDriverDemo\\bin\\Debug\\net8.0\\fine-code-coverage\\build-output\\SeleniumWebDriverDemo.dll","CodeFilePath":null,"LineNumber":0,"Properties":[{"Key":{"Id":"NUnit.Seed","Label":"Seed","Category":"","Description":"","Attributes":0,"ValueType":"System.String"},"Value":"2040779762"}]},"Attachments":[],"Outcome":1,"ErrorMessage":null,"ErrorStackTrace":null,"DisplayName":"Quality_Assurance_Search","Messages":[{"Category":"StdOutMsgs","Text":"Page name: Wikipedia\r\nPage QA name: Quality assurance - Wikipedia\r\n"}],"ComputerName":"DESKTOP-D6G26CS","Duration":"00:00:03.6260510","StartTime":"2025-02-28T07:40:56.1108247+00:00","EndTime":"2025-02-28T07:40:59.7369641+00:00","Properties":[{"Key":{"Id":"NUnit.Seed","Label":"Seed","Category":"","Description":"","Attributes":0,"ValueType":"System.String"},"Value":"2040779762"}]}],"TestRunStatistics":{"ExecutedTests":7,"Stats":{"Passed":6,"None":1}},"ActiveTests":[]},"RunAttachments":[],"ExecutorUris":["executor://nunit3testexecutor/"]}}
TpTrace Verbose: 0 : 52404, 12, 2025/02/28, 09:40:59.760, 12603567487112, vstest.console.dll, TestRequestSender.EndSession: Sending end session.
TpTrace Verbose: 0 : 52404, 12, 2025/02/28, 09:40:59.760, 12603567489047, vstest.console.dll, ProxyOperationManager.Close: waiting for test host to exit for 100 ms
TpTrace Verbose: 0 : 52404, 11, 2025/02/28, 09:40:59.785, 12603567731965, vstest.console.dll, TestHostManagerCallbacks.ctor: Experimental forwarding output is disabled.
TpTrace Warning: 0 : 52404, 11, 2025/02/28, 09:40:59.785, 12603567733149, vstest.console.dll, TestHostManagerCallbacks.ErrorReceivedCallback Test host standard error line: 
TpTrace Verbose: 0 : 52404, 11, 2025/02/28, 09:40:59.802, 12603567903636, vstest.console.dll, TestHostProvider.ExitCallBack: Host exited starting callback.
TpTrace Information: 0 : 52404, 11, 2025/02/28, 09:40:59.802, 12603567904993, vstest.console.dll, TestHostManagerCallbacks.ExitCallBack: Testhost processId: 21956 exited with exitcode: 0 error: ''
TpTrace Verbose: 0 : 52404, 11, 2025/02/28, 09:40:59.802, 12603567905349, vstest.console.dll, DotnetTestHostManager.OnHostExited: invoking OnHostExited callback
TpTrace Verbose: 0 : 52404, 11, 2025/02/28, 09:40:59.802, 12603567905729, vstest.console.dll, CrossPlatEngine.TestHostManagerHostExited: calling on client process exit callback.
TpTrace Information: 0 : 52404, 11, 2025/02/28, 09:40:59.802, 12603567906173, vstest.console.dll, TestRequestSender.OnClientProcessExit: Test host process exited. Standard error: 
TpTrace Information: 0 : 52404, 11, 2025/02/28, 09:40:59.802, 12603567906484, vstest.console.dll, SocketServer.Stop: Stop server endPoint: 127.0.0.1:64980
TpTrace Information: 0 : 52404, 11, 2025/02/28, 09:40:59.802, 12603567906690, vstest.console.dll, SocketServer.Stop: Cancellation requested. Stopping message loop.
TpTrace Information: 0 : 52404, 12, 2025/02/28, 09:40:59.802, 12603567906827, vstest.console.dll, SocketServer.Stop: Stop server endPoint: 127.0.0.1:64980
TpTrace Information: 0 : 52404, 12, 2025/02/28, 09:40:59.802, 12603567907329, vstest.console.dll, SocketServer.Stop: Cancellation requested. Stopping message loop.
TpTrace Verbose: 0 : 52404, 11, 2025/02/28, 09:40:59.802, 12603567907572, vstest.console.dll, MulticastDelegateUtilities.SafeInvoke: HostProviderEvents.OnHostExited: Invoking callback 1/1 for Microsoft.VisualStudio.TestPlatform.CrossPlatEngine.Client.ProxyOperationManager., took 0 ms.
TpTrace Information: 0 : 52404, 12, 2025/02/28, 09:40:59.802, 12603567907709, vstest.console.dll, Closing the connection
TpTrace Verbose: 0 : 52404, 12, 2025/02/28, 09:40:59.803, 12603567910164, vstest.console.dll, ProxyDataCollectionManager.InvokeDataCollectionServiceAction: Starting.
TpTrace Information: 0 : 52404, 12, 2025/02/28, 09:40:59.803, 12603567910562, vstest.console.dll, ProxyDataCollectionManager.AfterTestRunEnd: Get attachment set and invoked data collectors processId: 49716 port: 64977
TpTrace Verbose: 0 : 52404, 12, 2025/02/28, 09:40:59.803, 12603567910962, vstest.console.dll, DataCollectionRequestSender.SendAfterTestRunStartAndGetResult: Send AfterTestRunEnd message with isCancelled: False
TpTrace Verbose: 0 : 52404, 12, 2025/02/28, 09:40:59.809, 12603567971381, vstest.console.dll, DataCollectionRequestSender.SendAfterTestRunStartAndGetResult: Received message: (DataCollection.AfterTestRunEndResult) -> {"MessageType":"DataCollection.AfterTestRunEndResult","Payload":{"AttachmentSets":[],"InvokedDataCollectors":[{"Uri":"datacollector://Microsoft/TestPlatform/Extensions/Blame/v1","FriendlyName":"Blame","AssemblyQualifiedName":"Microsoft.TestPlatform.Extensions.BlameDataCollector.BlameCollector, Microsoft.TestPlatform.Extensions.BlameDataCollector, Version=15.0.0.0, Culture=neutral, PublicKeyToken=b03f5f7f11d50a3a","FilePath":"C:\\Program Files\\dotnet\\sdk\\8.0.300\\Extensions\\Microsoft.TestPlatform.Extensions.BlameDataCollector.dll","HasAttachmentProcessor":false}],"Metrics":{}}}
TpTrace Information: 0 : 52404, 12, 2025/02/28, 09:40:59.814, 12603568025008, vstest.console.dll, ProxyDataCollectionManager.InvokeDataCollectionServiceAction: Completed.
TpTrace Warning: 0 : 52404, 10, 2025/02/28, 09:40:59.819, 12603568076665, vstest.console.dll, DataCollectionLauncher.ErrorReceivedCallback datacollector standard error line: 
TpTrace Information: 0 : 52404, 10, 2025/02/28, 09:40:59.827, 12603568158763, vstest.console.dll, DataCollectionLauncher.ExitCallBack: Data collector exited with exitcode: 0 error: ''
TpTrace Verbose: 0 : 52404, 12, 2025/02/28, 09:40:59.859, 12603568471480, vstest.console.dll, TestRunRequest:SendTestRunStatsChange: Starting.
TpTrace Verbose: 0 : 52404, 12, 2025/02/28, 09:40:59.859, 12603568472714, vstest.console.dll, MulticastDelegateUtilities.SafeInvoke: TestRun.RunStatsChanged: Invoking callbacks was skipped because there are no subscribers.
TpTrace Information: 0 : 52404, 12, 2025/02/28, 09:40:59.859, 12603568473086, vstest.console.dll, TestRunRequest:SendTestRunStatsChange: Completed.
TpTrace Verbose: 0 : 52404, 4, 2025/02/28, 09:40:59.859, 12603568473618, vstest.console.dll, MulticastDelegateUtilities.SafeInvoke: InternalTestLoggerEvents.SendTestResult: Invoking callback 1/1 for Microsoft.VisualStudio.TestPlatform.CommandLine.Internal.ConsoleLogger., took 0 ms.
TpTrace Verbose: 0 : 52404, 12, 2025/02/28, 09:40:59.859, 12603568479041, vstest.console.dll, ParallelProxyExecutionManager: HandlePartialRunComplete: Total workloads = 1, Total started clients = 1 Total completed clients = 1, Run complete = True, Run canceled: False.
TpTrace Verbose: 0 : 52404, 12, 2025/02/28, 09:40:59.860, 12603568479865, vstest.console.dll, ParallelProxyExecutionManager: HandlePartialRunComplete: All runs completed stopping all managers.
TpTrace Verbose: 0 : 52404, 12, 2025/02/28, 09:40:59.860, 12603568480181, vstest.console.dll, ParallelOperationManager.StopAllManagers: Stopping all managers.
TpTrace Verbose: 0 : 52404, 12, 2025/02/28, 09:40:59.860, 12603568480453, vstest.console.dll, ParallelOperationManager.ClearSlots: Clearing all slots. Slots should accept more work: False
TpTrace Verbose: 0 : 52404, 12, 2025/02/28, 09:40:59.860, 12603568480960, vstest.console.dll, ParallelOperationManager.SetOccupiedSlotCount: Setting slot counts AvailableSlotCount = 1, OccupiedSlotCount = 0.
TpTrace Verbose: 0 : 52404, 12, 2025/02/28, 09:40:59.860, 12603568481551, vstest.console.dll, Occupied slots:

TpTrace Verbose: 0 : 52404, 4, 2025/02/28, 09:40:59.868, 12603568564721, vstest.console.dll, MulticastDelegateUtilities.SafeInvoke: InternalTestLoggerEvents.SendTestRunComplete: Invoking callback 1/2 for Microsoft.TestPlatform.Extensions.BlameDataCollector.BlameLogger., took 0 ms.
TpTrace Verbose: 0 : 52404, 4, 2025/02/28, 09:40:59.873, 12603568619241, vstest.console.dll, MulticastDelegateUtilities.SafeInvoke: InternalTestLoggerEvents.SendTestRunComplete: Invoking callback 2/2 for Microsoft.VisualStudio.TestPlatform.CommandLine.Internal.ConsoleLogger., took 5 ms.
TpTrace Verbose: 0 : 52404, 12, 2025/02/28, 09:40:59.874, 12603568623123, vstest.console.dll, TestRunRequest:TestRunComplete: Starting. IsAborted:False IsCanceled:False.
TpTrace Verbose: 0 : 52404, 12, 2025/02/28, 09:40:59.874, 12603568624818, vstest.console.dll, ParallelOperationManager.DoActionOnAllManagers: Calling an action on all managers.
TpTrace Verbose: 0 : 52404, 12, 2025/02/28, 09:40:59.875, 12603568636907, vstest.console.dll, TestLoggerManager.HandleTestRunComplete: Ignoring as the object is disposed.
TpTrace Verbose: 0 : 52404, 12, 2025/02/28, 09:40:59.875, 12603568639521, vstest.console.dll, MulticastDelegateUtilities.SafeInvoke: TestRun.TestRunComplete: Invoking callback 1/2 for Microsoft.VisualStudio.TestPlatform.CommandLine.TestRunResultAggregator., took 0 ms.
TpTrace Verbose: 0 : 52404, 12, 2025/02/28, 09:40:59.876, 12603568641909, vstest.console.dll, MulticastDelegateUtilities.SafeInvoke: TestRun.TestRunComplete: Invoking callback 2/2 for Microsoft.VisualStudio.TestPlatform.CommandLine.Processors.RunTestsArgumentExecutor+TestRunRequestEventsRegistrar., took 0 ms.
TpTrace Information: 0 : 52404, 12, 2025/02/28, 09:40:59.876, 12603568643014, vstest.console.dll, TestRunRequest:TestRunComplete: Completed.
TpTrace Verbose: 0 : 52404, 1, 2025/02/28, 09:40:59.876, 12603568643298, vstest.console.dll, TestRunRequest.Dispose: Starting.
TpTrace Verbose: 0 : 52404, 12, 2025/02/28, 09:40:59.876, 12603568643605, vstest.console.dll, TestRequestSender.SetOperationComplete: Setting operation complete.
TpTrace Information: 0 : 52404, 1, 2025/02/28, 09:40:59.876, 12603568644375, vstest.console.dll, TestRunRequest.Dispose: Completed.
TpTrace Information: 0 : 52404, 1, 2025/02/28, 09:40:59.876, 12603568645258, vstest.console.dll, TestRequestManager.RunTests: run tests completed.
TpTrace Information: 0 : 52404, 1, 2025/02/28, 09:40:59.876, 12603568645996, vstest.console.dll, RunTestsArgumentProcessor:Execute: Test run is completed.
TpTrace Information: 0 : 52404, 12, 2025/02/28, 09:40:59.876, 12603568644807, vstest.console.dll, SocketServer.Stop: Stop server endPoint: 127.0.0.1:64980
TpTrace Information: 0 : 52404, 12, 2025/02/28, 09:40:59.876, 12603568646858, vstest.console.dll, SocketServer.Stop: Cancellation requested. Stopping message loop.
TpTrace Verbose: 0 : 52404, 12, 2025/02/28, 09:40:59.876, 12603568647265, vstest.console.dll, MulticastDelegateUtilities.SafeInvoke: LengthPrefixCommunicationChannel: MessageReceived: Invoking callback 1/1 for Microsoft.VisualStudio.TestPlatform.CommunicationUtilities.TestRequestSender+<>c__DisplayClass34_0., took 116 ms.
TpTrace Information: 0 : 52404, 12, 2025/02/28, 09:40:59.876, 12603568647634, vstest.console.dll, SocketServer.PrivateStop: Stopping server endPoint: 127.0.0.1:64980 error: 
TpTrace Verbose: 0 : 52404, 1, 2025/02/28, 09:40:59.876, 12603568648585, vstest.console.dll, Executor.Execute: Exiting with exit code of 0
TpTrace Verbose: 0 : 52404, 12, 2025/02/28, 09:40:59.877, 12603568652261, vstest.console.dll, LengthPrefixCommunicationChannel.Dispose: Dispose reader and writer.
TpTrace Information: 0 : 52404, 12, 2025/02/28, 09:40:59.877, 12603568653243, vstest.console.dll, SocketServer.Stop: Raise disconnected event endPoint: 127.0.0.1:64980 error: 
